The target system is: Linux - 1 - 
The host system is: Linux - 4.15.0-47-generic - x86_64
Compiling the CXX compiler identification source file "CMakeCXXCompilerId.cpp" succeeded.
Compiler: /home/blue/rpi/tools/arm-bcm2708/arm-rpi-4.9.3-linux-gnueabihf/bin/arm-linux-gnueabihf-g++ 
Build flags: 
Id flags:  

The output was:
0


Compilation of the CXX compiler identification source "CMakeCXXCompilerId.cpp" produced "a.out"

The CXX compiler identification is GNU, found in "/home/blue/Desktop/SLAM/demo/build/CMakeFiles/3.14.1/CompilerIdCXX/a.out"

Compiling the C compiler identification source file "CMakeCCompilerId.c" succeeded.
Compiler: /home/blue/rpi/tools/arm-bcm2708/arm-rpi-4.9.3-linux-gnueabihf/bin/arm-linux-gnueabihf-gcc 
Build flags: 
Id flags:  

The output was:
0


Compilation of the C compiler identification source "CMakeCCompilerId.c" produced "a.out"

The C compiler identification is GNU, found in "/home/blue/Desktop/SLAM/demo/build/CMakeFiles/3.14.1/CompilerIdC/a.out"

Determining if the CXX compiler works passed with the following output:
Change Dir: /home/blue/Desktop/SLAM/demo/build/CMakeFiles/CMakeTmp

Run Build Command(s):/usr/bin/make cmTC_bef08/fast 
/usr/bin/make -f CMakeFiles/cmTC_bef08.dir/build.make CMakeFiles/cmTC_bef08.dir/build
make[1]: Entering directory '/home/blue/Desktop/SLAM/demo/build/CMakeFiles/CMakeTmp'
Building CXX object CMakeFiles/cmTC_bef08.dir/testCXXCompiler.cxx.o
/home/blue/rpi/tools/arm-bcm2708/arm-rpi-4.9.3-linux-gnueabihf/bin/arm-linux-gnueabihf-g++     -o CMakeFiles/cmTC_bef08.dir/testCXXCompiler.cxx.o -c /home/blue/Desktop/SLAM/demo/build/CMakeFiles/CMakeTmp/testCXXCompiler.cxx
Linking CXX executable cmTC_bef08
/usr/local/bin/cmake -E cmake_link_script CMakeFiles/cmTC_bef08.dir/link.txt --verbose=1
/home/blue/rpi/tools/arm-bcm2708/arm-rpi-4.9.3-linux-gnueabihf/bin/arm-linux-gnueabihf-g++       CMakeFiles/cmTC_bef08.dir/testCXXCompiler.cxx.o  -o cmTC_bef08 
make[1]: Leaving directory '/home/blue/Desktop/SLAM/demo/build/CMakeFiles/CMakeTmp'


Detecting CXX compiler ABI info compiled with the following output:
Change Dir: /home/blue/Desktop/SLAM/demo/build/CMakeFiles/CMakeTmp

Run Build Command(s):/usr/bin/make cmTC_b06e3/fast 
/usr/bin/make -f CMakeFiles/cmTC_b06e3.dir/build.make CMakeFiles/cmTC_b06e3.dir/build
make[1]: Entering directory '/home/blue/Desktop/SLAM/demo/build/CMakeFiles/CMakeTmp'
Building CXX object CMakeFiles/cmTC_b06e3.dir/CMakeCXXCompilerABI.cpp.o
/home/blue/rpi/tools/arm-bcm2708/arm-rpi-4.9.3-linux-gnueabihf/bin/arm-linux-gnueabihf-g++    -v -o CMakeFiles/cmTC_b06e3.dir/CMakeCXXCompilerABI.cpp.o -c /usr/local/share/cmake-3.14/Modules/CMakeCXXCompilerABI.cpp
Using built-in specs.
COLLECT_GCC=/home/blue/rpi/tools/arm-bcm2708/arm-rpi-4.9.3-linux-gnueabihf/bin/arm-linux-gnueabihf-g++
Target: arm-linux-gnueabihf
Configured with: /home/dom/projects/crosstool-ng/install/bin/.build/src/gcc-4.9.3/configure --build=x86_64-build_pc-linux-gnu --host=x86_64-build_pc-linux-gnu --target=arm-linux-gnueabihf --prefix=/home/dom/x-tools6h-new/arm-rpi-linux-gnueabihf --with-sysroot=/home/dom/x-tools6h-new/arm-rpi-linux-gnueabihf/arm-linux-gnueabihf/sysroot --enable-languages=c,c++ --with-arch=armv6 --with-fpu=vfp --with-float=hard --with-pkgversion='crosstool-NG crosstool-ng-1.22.0-88-g8460611' --disable-sjlj-exceptions --enable-__cxa_atexit --disable-libmudflap --enable-libgomp --disable-libssp --enable-libquadmath --enable-libquadmath-support --disable-libsanitizer --with-gmp=/home/dom/projects/crosstool-ng/install/bin/.build/arm-linux-gnueabihf/buildtools --with-mpfr=/home/dom/projects/crosstool-ng/install/bin/.build/arm-linux-gnueabihf/buildtools --with-mpc=/home/dom/projects/crosstool-ng/install/bin/.build/arm-linux-gnueabihf/buildtools --with-isl=/home/dom/projects/crosstool-ng/install/bin/.build/arm-linux-gnueabihf/buildtools --with-cloog=/home/dom/projects/crosstool-ng/install/bin/.build/arm-linux-gnueabihf/buildtools --enable-lto --with-host-libstdcxx='-static-libgcc -Wl,-Bstatic,-lstdc++,-Bdynamic -lm' --enable-threads=posix --enable-target-optspace --with-linker-hash-style=gnu --disable-nls --disable-multilib --with-local-prefix=/home/dom/x-tools6h-new/arm-rpi-linux-gnueabihf/arm-linux-gnueabihf/sysroot --enable-long-long --with-arch=armv6 --with-float=hard --with-fpu=vfp
Thread model: posix
gcc version 4.9.3 (crosstool-NG crosstool-ng-1.22.0-88-g8460611) 
COLLECT_GCC_OPTIONS='-v' '-o' 'CMakeFiles/cmTC_b06e3.dir/CMakeCXXCompilerABI.cpp.o' '-c' '-shared-libgcc' '-march=armv6' '-mfloat-abi=hard' '-mfpu=vfp' '-mtls-dialect=gnu'
 /home/blue/rpi/tools/arm-bcm2708/arm-rpi-4.9.3-linux-gnueabihf/bin/../libexec/gcc/arm-linux-gnueabihf/4.9.3/cc1plus -quiet -v -iprefix /home/blue/rpi/tools/arm-bcm2708/arm-rpi-4.9.3-linux-gnueabihf/bin/../lib/gcc/arm-linux-gnueabihf/4.9.3/ -isysroot /home/blue/rpi/tools/arm-bcm2708/arm-rpi-4.9.3-linux-gnueabihf/bin/../arm-linux-gnueabihf/sysroot -D_GNU_SOURCE /usr/local/share/cmake-3.14/Modules/CMakeCXXCompilerABI.cpp -quiet -dumpbase CMakeCXXCompilerABI.cpp -march=armv6 -mfloat-abi=hard -mfpu=vfp -mtls-dialect=gnu -auxbase-strip CMakeFiles/cmTC_b06e3.dir/CMakeCXXCompilerABI.cpp.o -version -o /tmp/ccWW9kMA.s
GNU C++ (crosstool-NG crosstool-ng-1.22.0-88-g8460611) version 4.9.3 (arm-linux-gnueabihf)
	compiled by GNU C version 4.8.4, GMP version 6.0.0, MPFR version 3.1.3, MPC version 1.0.3
GGC heuristics: --param ggc-min-expand=100 --param ggc-min-heapsize=131072
ignoring duplicate directory "/home/blue/rpi/tools/arm-bcm2708/arm-rpi-4.9.3-linux-gnueabihf/bin/../lib/gcc/../../lib/gcc/arm-linux-gnueabihf/4.9.3/../../../../arm-linux-gnueabihf/include/c++/4.9.3"
ignoring duplicate directory "/home/blue/rpi/tools/arm-bcm2708/arm-rpi-4.9.3-linux-gnueabihf/bin/../lib/gcc/../../lib/gcc/arm-linux-gnueabihf/4.9.3/../../../../arm-linux-gnueabihf/include/c++/4.9.3/arm-linux-gnueabihf"
ignoring duplicate directory "/home/blue/rpi/tools/arm-bcm2708/arm-rpi-4.9.3-linux-gnueabihf/bin/../lib/gcc/../../lib/gcc/arm-linux-gnueabihf/4.9.3/../../../../arm-linux-gnueabihf/include/c++/4.9.3/backward"
ignoring duplicate directory "/home/blue/rpi/tools/arm-bcm2708/arm-rpi-4.9.3-linux-gnueabihf/bin/../lib/gcc/../../lib/gcc/arm-linux-gnueabihf/4.9.3/include"
ignoring nonexistent directory "/home/blue/rpi/tools/arm-bcm2708/arm-rpi-4.9.3-linux-gnueabihf/bin/../arm-linux-gnueabihf/sysroot/home/dom/x-tools6h-new/arm-rpi-linux-gnueabihf/arm-linux-gnueabihf/sysroot/include"
ignoring duplicate directory "/home/blue/rpi/tools/arm-bcm2708/arm-rpi-4.9.3-linux-gnueabihf/bin/../lib/gcc/../../lib/gcc/arm-linux-gnueabihf/4.9.3/include-fixed"
ignoring duplicate directory "/home/blue/rpi/tools/arm-bcm2708/arm-rpi-4.9.3-linux-gnueabihf/bin/../lib/gcc/../../lib/gcc/arm-linux-gnueabihf/4.9.3/../../../../arm-linux-gnueabihf/include"
#include "..." search starts here:
#include <...> search starts here:
 /home/blue/rpi/tools/arm-bcm2708/arm-rpi-4.9.3-linux-gnueabihf/bin/../lib/gcc/arm-linux-gnueabihf/4.9.3/../../../../arm-linux-gnueabihf/include/c++/4.9.3
 /home/blue/rpi/tools/arm-bcm2708/arm-rpi-4.9.3-linux-gnueabihf/bin/../lib/gcc/arm-linux-gnueabihf/4.9.3/../../../../arm-linux-gnueabihf/include/c++/4.9.3/arm-linux-gnueabihf
 /home/blue/rpi/tools/arm-bcm2708/arm-rpi-4.9.3-linux-gnueabihf/bin/../lib/gcc/arm-linux-gnueabihf/4.9.3/../../../../arm-linux-gnueabihf/include/c++/4.9.3/backward
 /home/blue/rpi/tools/arm-bcm2708/arm-rpi-4.9.3-linux-gnueabihf/bin/../lib/gcc/arm-linux-gnueabihf/4.9.3/include
 /home/blue/rpi/tools/arm-bcm2708/arm-rpi-4.9.3-linux-gnueabihf/bin/../lib/gcc/arm-linux-gnueabihf/4.9.3/include-fixed
 /home/blue/rpi/tools/arm-bcm2708/arm-rpi-4.9.3-linux-gnueabihf/bin/../lib/gcc/arm-linux-gnueabihf/4.9.3/../../../../arm-linux-gnueabihf/include
 /home/blue/rpi/tools/arm-bcm2708/arm-rpi-4.9.3-linux-gnueabihf/bin/../arm-linux-gnueabihf/sysroot/usr/include
End of search list.
GNU C++ (crosstool-NG crosstool-ng-1.22.0-88-g8460611) version 4.9.3 (arm-linux-gnueabihf)
	compiled by GNU C version 4.8.4, GMP version 6.0.0, MPFR version 3.1.3, MPC version 1.0.3
GGC heuristics: --param ggc-min-expand=100 --param ggc-min-heapsize=131072
Compiler executable checksum: 5490cb547d5e63dcf8255bc3ba4b9a59
COLLECT_GCC_OPTIONS='-v' '-o' 'CMakeFiles/cmTC_b06e3.dir/CMakeCXXCompilerABI.cpp.o' '-c' '-shared-libgcc' '-march=armv6' '-mfloat-abi=hard' '-mfpu=vfp' '-mtls-dialect=gnu'
 /home/blue/rpi/tools/arm-bcm2708/arm-rpi-4.9.3-linux-gnueabihf/bin/../lib/gcc/arm-linux-gnueabihf/4.9.3/../../../../arm-linux-gnueabihf/bin/as -v -march=armv6 -mfloat-abi=hard -mfpu=vfp -meabi=5 -o CMakeFiles/cmTC_b06e3.dir/CMakeCXXCompilerABI.cpp.o /tmp/ccWW9kMA.s
GNU assembler version 2.25.1 (arm-linux-gnueabihf) using BFD version (crosstool-NG crosstool-ng-1.22.0-88-g8460611) 2.25.1
COMPILER_PATH=/home/blue/rpi/tools/arm-bcm2708/arm-rpi-4.9.3-linux-gnueabihf/bin/../libexec/gcc/arm-linux-gnueabihf/4.9.3/:/home/blue/rpi/tools/arm-bcm2708/arm-rpi-4.9.3-linux-gnueabihf/bin/../libexec/gcc/:/home/blue/rpi/tools/arm-bcm2708/arm-rpi-4.9.3-linux-gnueabihf/bin/../lib/gcc/arm-linux-gnueabihf/4.9.3/../../../../arm-linux-gnueabihf/bin/
LIBRARY_PATH=/home/blue/rpi/tools/arm-bcm2708/arm-rpi-4.9.3-linux-gnueabihf/bin/../lib/gcc/arm-linux-gnueabihf/4.9.3/:/home/blue/rpi/tools/arm-bcm2708/arm-rpi-4.9.3-linux-gnueabihf/bin/../lib/gcc/:/home/blue/rpi/tools/arm-bcm2708/arm-rpi-4.9.3-linux-gnueabihf/bin/../lib/gcc/arm-linux-gnueabihf/4.9.3/../../../../arm-linux-gnueabihf/lib/:/home/blue/rpi/tools/arm-bcm2708/arm-rpi-4.9.3-linux-gnueabihf/bin/../arm-linux-gnueabihf/sysroot/lib/:/home/blue/rpi/tools/arm-bcm2708/arm-rpi-4.9.3-linux-gnueabihf/bin/../arm-linux-gnueabihf/sysroot/usr/lib/
COLLECT_GCC_OPTIONS='-v' '-o' 'CMakeFiles/cmTC_b06e3.dir/CMakeCXXCompilerABI.cpp.o' '-c' '-shared-libgcc' '-march=armv6' '-mfloat-abi=hard' '-mfpu=vfp' '-mtls-dialect=gnu'
Linking CXX executable cmTC_b06e3
/usr/local/bin/cmake -E cmake_link_script CMakeFiles/cmTC_b06e3.dir/link.txt --verbose=1
/home/blue/rpi/tools/arm-bcm2708/arm-rpi-4.9.3-linux-gnueabihf/bin/arm-linux-gnueabihf-g++      -v CMakeFiles/cmTC_b06e3.dir/CMakeCXXCompilerABI.cpp.o  -o cmTC_b06e3 
Using built-in specs.
COLLECT_GCC=/home/blue/rpi/tools/arm-bcm2708/arm-rpi-4.9.3-linux-gnueabihf/bin/arm-linux-gnueabihf-g++
COLLECT_LTO_WRAPPER=/home/blue/rpi/tools/arm-bcm2708/arm-rpi-4.9.3-linux-gnueabihf/bin/../libexec/gcc/arm-linux-gnueabihf/4.9.3/lto-wrapper
Target: arm-linux-gnueabihf
Configured with: /home/dom/projects/crosstool-ng/install/bin/.build/src/gcc-4.9.3/configure --build=x86_64-build_pc-linux-gnu --host=x86_64-build_pc-linux-gnu --target=arm-linux-gnueabihf --prefix=/home/dom/x-tools6h-new/arm-rpi-linux-gnueabihf --with-sysroot=/home/dom/x-tools6h-new/arm-rpi-linux-gnueabihf/arm-linux-gnueabihf/sysroot --enable-languages=c,c++ --with-arch=armv6 --with-fpu=vfp --with-float=hard --with-pkgversion='crosstool-NG crosstool-ng-1.22.0-88-g8460611' --disable-sjlj-exceptions --enable-__cxa_atexit --disable-libmudflap --enable-libgomp --disable-libssp --enable-libquadmath --enable-libquadmath-support --disable-libsanitizer --with-gmp=/home/dom/projects/crosstool-ng/install/bin/.build/arm-linux-gnueabihf/buildtools --with-mpfr=/home/dom/projects/crosstool-ng/install/bin/.build/arm-linux-gnueabihf/buildtools --with-mpc=/home/dom/projects/crosstool-ng/install/bin/.build/arm-linux-gnueabihf/buildtools --with-isl=/home/dom/projects/crosstool-ng/install/bin/.build/arm-linux-gnueabihf/buildtools --with-cloog=/home/dom/projects/crosstool-ng/install/bin/.build/arm-linux-gnueabihf/buildtools --enable-lto --with-host-libstdcxx='-static-libgcc -Wl,-Bstatic,-lstdc++,-Bdynamic -lm' --enable-threads=posix --enable-target-optspace --with-linker-hash-style=gnu --disable-nls --disable-multilib --with-local-prefix=/home/dom/x-tools6h-new/arm-rpi-linux-gnueabihf/arm-linux-gnueabihf/sysroot --enable-long-long --with-arch=armv6 --with-float=hard --with-fpu=vfp
Thread model: posix
gcc version 4.9.3 (crosstool-NG crosstool-ng-1.22.0-88-g8460611) 
COMPILER_PATH=/home/blue/rpi/tools/arm-bcm2708/arm-rpi-4.9.3-linux-gnueabihf/bin/../libexec/gcc/arm-linux-gnueabihf/4.9.3/:/home/blue/rpi/tools/arm-bcm2708/arm-rpi-4.9.3-linux-gnueabihf/bin/../libexec/gcc/:/home/blue/rpi/tools/arm-bcm2708/arm-rpi-4.9.3-linux-gnueabihf/bin/../lib/gcc/arm-linux-gnueabihf/4.9.3/../../../../arm-linux-gnueabihf/bin/
LIBRARY_PATH=/home/blue/rpi/tools/arm-bcm2708/arm-rpi-4.9.3-linux-gnueabihf/bin/../lib/gcc/arm-linux-gnueabihf/4.9.3/:/home/blue/rpi/tools/arm-bcm2708/arm-rpi-4.9.3-linux-gnueabihf/bin/../lib/gcc/:/home/blue/rpi/tools/arm-bcm2708/arm-rpi-4.9.3-linux-gnueabihf/bin/../lib/gcc/arm-linux-gnueabihf/4.9.3/../../../../arm-linux-gnueabihf/lib/:/home/blue/rpi/tools/arm-bcm2708/arm-rpi-4.9.3-linux-gnueabihf/bin/../arm-linux-gnueabihf/sysroot/lib/:/home/blue/rpi/tools/arm-bcm2708/arm-rpi-4.9.3-linux-gnueabihf/bin/../arm-linux-gnueabihf/sysroot/usr/lib/
COLLECT_GCC_OPTIONS='-v' '-o' 'cmTC_b06e3' '-shared-libgcc' '-march=armv6' '-mfloat-abi=hard' '-mfpu=vfp' '-mtls-dialect=gnu'
 /home/blue/rpi/tools/arm-bcm2708/arm-rpi-4.9.3-linux-gnueabihf/bin/../libexec/gcc/arm-linux-gnueabihf/4.9.3/collect2 -plugin /home/blue/rpi/tools/arm-bcm2708/arm-rpi-4.9.3-linux-gnueabihf/bin/../libexec/gcc/arm-linux-gnueabihf/4.9.3/liblto_plugin.so -plugin-opt=/home/blue/rpi/tools/arm-bcm2708/arm-rpi-4.9.3-linux-gnueabihf/bin/../libexec/gcc/arm-linux-gnueabihf/4.9.3/lto-wrapper -plugin-opt=-fresolution=/tmp/cc2G8a3D.res -plugin-opt=-pass-through=-lgcc_s -plugin-opt=-pass-through=-lgcc -plugin-opt=-pass-through=-lc -plugin-opt=-pass-through=-lgcc_s -plugin-opt=-pass-through=-lgcc --sysroot=/home/blue/rpi/tools/arm-bcm2708/arm-rpi-4.9.3-linux-gnueabihf/bin/../arm-linux-gnueabihf/sysroot --eh-frame-hdr --hash-style=gnu -dynamic-linker /lib/ld-linux-armhf.so.3 -X -m armelf_linux_eabi -o cmTC_b06e3 /home/blue/rpi/tools/arm-bcm2708/arm-rpi-4.9.3-linux-gnueabihf/bin/../arm-linux-gnueabihf/sysroot/usr/lib/crt1.o /home/blue/rpi/tools/arm-bcm2708/arm-rpi-4.9.3-linux-gnueabihf/bin/../arm-linux-gnueabihf/sysroot/usr/lib/crti.o /home/blue/rpi/tools/arm-bcm2708/arm-rpi-4.9.3-linux-gnueabihf/bin/../lib/gcc/arm-linux-gnueabihf/4.9.3/crtbegin.o -L/home/blue/rpi/tools/arm-bcm2708/arm-rpi-4.9.3-linux-gnueabihf/bin/../lib/gcc/arm-linux-gnueabihf/4.9.3 -L/home/blue/rpi/tools/arm-bcm2708/arm-rpi-4.9.3-linux-gnueabihf/bin/../lib/gcc -L/home/blue/rpi/tools/arm-bcm2708/arm-rpi-4.9.3-linux-gnueabihf/bin/../lib/gcc/arm-linux-gnueabihf/4.9.3/../../../../arm-linux-gnueabihf/lib -L/home/blue/rpi/tools/arm-bcm2708/arm-rpi-4.9.3-linux-gnueabihf/bin/../arm-linux-gnueabihf/sysroot/lib -L/home/blue/rpi/tools/arm-bcm2708/arm-rpi-4.9.3-linux-gnueabihf/bin/../arm-linux-gnueabihf/sysroot/usr/lib CMakeFiles/cmTC_b06e3.dir/CMakeCXXCompilerABI.cpp.o -lstdc++ -lm -lgcc_s -lgcc -lc -lgcc_s -lgcc /home/blue/rpi/tools/arm-bcm2708/arm-rpi-4.9.3-linux-gnueabihf/bin/../lib/gcc/arm-linux-gnueabihf/4.9.3/crtend.o /home/blue/rpi/tools/arm-bcm2708/arm-rpi-4.9.3-linux-gnueabihf/bin/../arm-linux-gnueabihf/sysroot/usr/lib/crtn.o
make[1]: Leaving directory '/home/blue/Desktop/SLAM/demo/build/CMakeFiles/CMakeTmp'


Parsed CXX implicit include dir info from above output: rv=done
  found start of include info
  found start of implicit include info
    add: [/home/blue/rpi/tools/arm-bcm2708/arm-rpi-4.9.3-linux-gnueabihf/bin/../lib/gcc/arm-linux-gnueabihf/4.9.3/../../../../arm-linux-gnueabihf/include/c++/4.9.3]
    add: [/home/blue/rpi/tools/arm-bcm2708/arm-rpi-4.9.3-linux-gnueabihf/bin/../lib/gcc/arm-linux-gnueabihf/4.9.3/../../../../arm-linux-gnueabihf/include/c++/4.9.3/arm-linux-gnueabihf]
    add: [/home/blue/rpi/tools/arm-bcm2708/arm-rpi-4.9.3-linux-gnueabihf/bin/../lib/gcc/arm-linux-gnueabihf/4.9.3/../../../../arm-linux-gnueabihf/include/c++/4.9.3/backward]
    add: [/home/blue/rpi/tools/arm-bcm2708/arm-rpi-4.9.3-linux-gnueabihf/bin/../lib/gcc/arm-linux-gnueabihf/4.9.3/include]
    add: [/home/blue/rpi/tools/arm-bcm2708/arm-rpi-4.9.3-linux-gnueabihf/bin/../lib/gcc/arm-linux-gnueabihf/4.9.3/include-fixed]
    add: [/home/blue/rpi/tools/arm-bcm2708/arm-rpi-4.9.3-linux-gnueabihf/bin/../lib/gcc/arm-linux-gnueabihf/4.9.3/../../../../arm-linux-gnueabihf/include]
    add: [/home/blue/rpi/tools/arm-bcm2708/arm-rpi-4.9.3-linux-gnueabihf/bin/../arm-linux-gnueabihf/sysroot/usr/include]
  end of search list found
  collapse include dir [/home/blue/rpi/tools/arm-bcm2708/arm-rpi-4.9.3-linux-gnueabihf/bin/../lib/gcc/arm-linux-gnueabihf/4.9.3/../../../../arm-linux-gnueabihf/include/c++/4.9.3] ==> [/home/blue/rpi/tools/arm-bcm2708/arm-rpi-4.9.3-linux-gnueabihf/arm-linux-gnueabihf/include/c++/4.9.3]
  collapse include dir [/home/blue/rpi/tools/arm-bcm2708/arm-rpi-4.9.3-linux-gnueabihf/bin/../lib/gcc/arm-linux-gnueabihf/4.9.3/../../../../arm-linux-gnueabihf/include/c++/4.9.3/arm-linux-gnueabihf] ==> [/home/blue/rpi/tools/arm-bcm2708/arm-rpi-4.9.3-linux-gnueabihf/arm-linux-gnueabihf/include/c++/4.9.3/arm-linux-gnueabihf]
  collapse include dir [/home/blue/rpi/tools/arm-bcm2708/arm-rpi-4.9.3-linux-gnueabihf/bin/../lib/gcc/arm-linux-gnueabihf/4.9.3/../../../../arm-linux-gnueabihf/include/c++/4.9.3/backward] ==> [/home/blue/rpi/tools/arm-bcm2708/arm-rpi-4.9.3-linux-gnueabihf/arm-linux-gnueabihf/include/c++/4.9.3/backward]
  collapse include dir [/home/blue/rpi/tools/arm-bcm2708/arm-rpi-4.9.3-linux-gnueabihf/bin/../lib/gcc/arm-linux-gnueabihf/4.9.3/include] ==> [/home/blue/rpi/tools/arm-bcm2708/arm-rpi-4.9.3-linux-gnueabihf/lib/gcc/arm-linux-gnueabihf/4.9.3/include]
  collapse include dir [/home/blue/rpi/tools/arm-bcm2708/arm-rpi-4.9.3-linux-gnueabihf/bin/../lib/gcc/arm-linux-gnueabihf/4.9.3/include-fixed] ==> [/home/blue/rpi/tools/arm-bcm2708/arm-rpi-4.9.3-linux-gnueabihf/lib/gcc/arm-linux-gnueabihf/4.9.3/include-fixed]
  collapse include dir [/home/blue/rpi/tools/arm-bcm2708/arm-rpi-4.9.3-linux-gnueabihf/bin/../lib/gcc/arm-linux-gnueabihf/4.9.3/../../../../arm-linux-gnueabihf/include] ==> [/home/blue/rpi/tools/arm-bcm2708/arm-rpi-4.9.3-linux-gnueabihf/arm-linux-gnueabihf/include]
  collapse include dir [/home/blue/rpi/tools/arm-bcm2708/arm-rpi-4.9.3-linux-gnueabihf/bin/../arm-linux-gnueabihf/sysroot/usr/include] ==> [/home/blue/rpi/tools/arm-bcm2708/arm-rpi-4.9.3-linux-gnueabihf/arm-linux-gnueabihf/sysroot/usr/include]
  implicit include dirs: [/home/blue/rpi/tools/arm-bcm2708/arm-rpi-4.9.3-linux-gnueabihf/arm-linux-gnueabihf/include/c++/4.9.3;/home/blue/rpi/tools/arm-bcm2708/arm-rpi-4.9.3-linux-gnueabihf/arm-linux-gnueabihf/include/c++/4.9.3/arm-linux-gnueabihf;/home/blue/rpi/tools/arm-bcm2708/arm-rpi-4.9.3-linux-gnueabihf/arm-linux-gnueabihf/include/c++/4.9.3/backward;/home/blue/rpi/tools/arm-bcm2708/arm-rpi-4.9.3-linux-gnueabihf/lib/gcc/arm-linux-gnueabihf/4.9.3/include;/home/blue/rpi/tools/arm-bcm2708/arm-rpi-4.9.3-linux-gnueabihf/lib/gcc/arm-linux-gnueabihf/4.9.3/include-fixed;/home/blue/rpi/tools/arm-bcm2708/arm-rpi-4.9.3-linux-gnueabihf/arm-linux-gnueabihf/include;/home/blue/rpi/tools/arm-bcm2708/arm-rpi-4.9.3-linux-gnueabihf/arm-linux-gnueabihf/sysroot/usr/include]


Parsed CXX implicit link information from above output:
  link line regex: [^( *|.*[/\])(arm-linux-gnueabihf-ld|CMAKE_LINK_STARTFILE-NOTFOUND|([^/\]+-)?ld|collect2)[^/\]*( |$)]
  ignore line: [Change Dir: /home/blue/Desktop/SLAM/demo/build/CMakeFiles/CMakeTmp]
  ignore line: []
  ignore line: [Run Build Command(s):/usr/bin/make cmTC_b06e3/fast ]
  ignore line: [/usr/bin/make -f CMakeFiles/cmTC_b06e3.dir/build.make CMakeFiles/cmTC_b06e3.dir/build]
  ignore line: [make[1]: Entering directory '/home/blue/Desktop/SLAM/demo/build/CMakeFiles/CMakeTmp']
  ignore line: [Building CXX object CMakeFiles/cmTC_b06e3.dir/CMakeCXXCompilerABI.cpp.o]
  ignore line: [/home/blue/rpi/tools/arm-bcm2708/arm-rpi-4.9.3-linux-gnueabihf/bin/arm-linux-gnueabihf-g++    -v -o CMakeFiles/cmTC_b06e3.dir/CMakeCXXCompilerABI.cpp.o -c /usr/local/share/cmake-3.14/Modules/CMakeCXXCompilerABI.cpp]
  ignore line: [Using built-in specs.]
  ignore line: [COLLECT_GCC=/home/blue/rpi/tools/arm-bcm2708/arm-rpi-4.9.3-linux-gnueabihf/bin/arm-linux-gnueabihf-g++]
  ignore line: [Target: arm-linux-gnueabihf]
  ignore line: [Configured with: /home/dom/projects/crosstool-ng/install/bin/.build/src/gcc-4.9.3/configure --build=x86_64-build_pc-linux-gnu --host=x86_64-build_pc-linux-gnu --target=arm-linux-gnueabihf --prefix=/home/dom/x-tools6h-new/arm-rpi-linux-gnueabihf --with-sysroot=/home/dom/x-tools6h-new/arm-rpi-linux-gnueabihf/arm-linux-gnueabihf/sysroot --enable-languages=c,c++ --with-arch=armv6 --with-fpu=vfp --with-float=hard --with-pkgversion='crosstool-NG crosstool-ng-1.22.0-88-g8460611' --disable-sjlj-exceptions --enable-__cxa_atexit --disable-libmudflap --enable-libgomp --disable-libssp --enable-libquadmath --enable-libquadmath-support --disable-libsanitizer --with-gmp=/home/dom/projects/crosstool-ng/install/bin/.build/arm-linux-gnueabihf/buildtools --with-mpfr=/home/dom/projects/crosstool-ng/install/bin/.build/arm-linux-gnueabihf/buildtools --with-mpc=/home/dom/projects/crosstool-ng/install/bin/.build/arm-linux-gnueabihf/buildtools --with-isl=/home/dom/projects/crosstool-ng/install/bin/.build/arm-linux-gnueabihf/buildtools --with-cloog=/home/dom/projects/crosstool-ng/install/bin/.build/arm-linux-gnueabihf/buildtools --enable-lto --with-host-libstdcxx='-static-libgcc -Wl,-Bstatic,-lstdc++,-Bdynamic -lm' --enable-threads=posix --enable-target-optspace --with-linker-hash-style=gnu --disable-nls --disable-multilib --with-local-prefix=/home/dom/x-tools6h-new/arm-rpi-linux-gnueabihf/arm-linux-gnueabihf/sysroot --enable-long-long --with-arch=armv6 --with-float=hard --with-fpu=vfp]
  ignore line: [Thread model: posix]
  ignore line: [gcc version 4.9.3 (crosstool-NG crosstool-ng-1.22.0-88-g8460611) ]
  ignore line: [COLLECT_GCC_OPTIONS='-v' '-o' 'CMakeFiles/cmTC_b06e3.dir/CMakeCXXCompilerABI.cpp.o' '-c' '-shared-libgcc' '-march=armv6' '-mfloat-abi=hard' '-mfpu=vfp' '-mtls-dialect=gnu']
  ignore line: [ /home/blue/rpi/tools/arm-bcm2708/arm-rpi-4.9.3-linux-gnueabihf/bin/../libexec/gcc/arm-linux-gnueabihf/4.9.3/cc1plus -quiet -v -iprefix /home/blue/rpi/tools/arm-bcm2708/arm-rpi-4.9.3-linux-gnueabihf/bin/../lib/gcc/arm-linux-gnueabihf/4.9.3/ -isysroot /home/blue/rpi/tools/arm-bcm2708/arm-rpi-4.9.3-linux-gnueabihf/bin/../arm-linux-gnueabihf/sysroot -D_GNU_SOURCE /usr/local/share/cmake-3.14/Modules/CMakeCXXCompilerABI.cpp -quiet -dumpbase CMakeCXXCompilerABI.cpp -march=armv6 -mfloat-abi=hard -mfpu=vfp -mtls-dialect=gnu -auxbase-strip CMakeFiles/cmTC_b06e3.dir/CMakeCXXCompilerABI.cpp.o -version -o /tmp/ccWW9kMA.s]
  ignore line: [GNU C++ (crosstool-NG crosstool-ng-1.22.0-88-g8460611) version 4.9.3 (arm-linux-gnueabihf)]
  ignore line: [	compiled by GNU C version 4.8.4, GMP version 6.0.0, MPFR version 3.1.3, MPC version 1.0.3]
  ignore line: [GGC heuristics: --param ggc-min-expand=100 --param ggc-min-heapsize=131072]
  ignore line: [ignoring duplicate directory "/home/blue/rpi/tools/arm-bcm2708/arm-rpi-4.9.3-linux-gnueabihf/bin/../lib/gcc/../../lib/gcc/arm-linux-gnueabihf/4.9.3/../../../../arm-linux-gnueabihf/include/c++/4.9.3"]
  ignore line: [ignoring duplicate directory "/home/blue/rpi/tools/arm-bcm2708/arm-rpi-4.9.3-linux-gnueabihf/bin/../lib/gcc/../../lib/gcc/arm-linux-gnueabihf/4.9.3/../../../../arm-linux-gnueabihf/include/c++/4.9.3/arm-linux-gnueabihf"]
  ignore line: [ignoring duplicate directory "/home/blue/rpi/tools/arm-bcm2708/arm-rpi-4.9.3-linux-gnueabihf/bin/../lib/gcc/../../lib/gcc/arm-linux-gnueabihf/4.9.3/../../../../arm-linux-gnueabihf/include/c++/4.9.3/backward"]
  ignore line: [ignoring duplicate directory "/home/blue/rpi/tools/arm-bcm2708/arm-rpi-4.9.3-linux-gnueabihf/bin/../lib/gcc/../../lib/gcc/arm-linux-gnueabihf/4.9.3/include"]
  ignore line: [ignoring nonexistent directory "/home/blue/rpi/tools/arm-bcm2708/arm-rpi-4.9.3-linux-gnueabihf/bin/../arm-linux-gnueabihf/sysroot/home/dom/x-tools6h-new/arm-rpi-linux-gnueabihf/arm-linux-gnueabihf/sysroot/include"]
  ignore line: [ignoring duplicate directory "/home/blue/rpi/tools/arm-bcm2708/arm-rpi-4.9.3-linux-gnueabihf/bin/../lib/gcc/../../lib/gcc/arm-linux-gnueabihf/4.9.3/include-fixed"]
  ignore line: [ignoring duplicate directory "/home/blue/rpi/tools/arm-bcm2708/arm-rpi-4.9.3-linux-gnueabihf/bin/../lib/gcc/../../lib/gcc/arm-linux-gnueabihf/4.9.3/../../../../arm-linux-gnueabihf/include"]
  ignore line: [#include "..." search starts here:]
  ignore line: [#include <...> search starts here:]
  ignore line: [ /home/blue/rpi/tools/arm-bcm2708/arm-rpi-4.9.3-linux-gnueabihf/bin/../lib/gcc/arm-linux-gnueabihf/4.9.3/../../../../arm-linux-gnueabihf/include/c++/4.9.3]
  ignore line: [ /home/blue/rpi/tools/arm-bcm2708/arm-rpi-4.9.3-linux-gnueabihf/bin/../lib/gcc/arm-linux-gnueabihf/4.9.3/../../../../arm-linux-gnueabihf/include/c++/4.9.3/arm-linux-gnueabihf]
  ignore line: [ /home/blue/rpi/tools/arm-bcm2708/arm-rpi-4.9.3-linux-gnueabihf/bin/../lib/gcc/arm-linux-gnueabihf/4.9.3/../../../../arm-linux-gnueabihf/include/c++/4.9.3/backward]
  ignore line: [ /home/blue/rpi/tools/arm-bcm2708/arm-rpi-4.9.3-linux-gnueabihf/bin/../lib/gcc/arm-linux-gnueabihf/4.9.3/include]
  ignore line: [ /home/blue/rpi/tools/arm-bcm2708/arm-rpi-4.9.3-linux-gnueabihf/bin/../lib/gcc/arm-linux-gnueabihf/4.9.3/include-fixed]
  ignore line: [ /home/blue/rpi/tools/arm-bcm2708/arm-rpi-4.9.3-linux-gnueabihf/bin/../lib/gcc/arm-linux-gnueabihf/4.9.3/../../../../arm-linux-gnueabihf/include]
  ignore line: [ /home/blue/rpi/tools/arm-bcm2708/arm-rpi-4.9.3-linux-gnueabihf/bin/../arm-linux-gnueabihf/sysroot/usr/include]
  ignore line: [End of search list.]
  ignore line: [GNU C++ (crosstool-NG crosstool-ng-1.22.0-88-g8460611) version 4.9.3 (arm-linux-gnueabihf)]
  ignore line: [	compiled by GNU C version 4.8.4, GMP version 6.0.0, MPFR version 3.1.3, MPC version 1.0.3]
  ignore line: [GGC heuristics: --param ggc-min-expand=100 --param ggc-min-heapsize=131072]
  ignore line: [Compiler executable checksum: 5490cb547d5e63dcf8255bc3ba4b9a59]
  ignore line: [COLLECT_GCC_OPTIONS='-v' '-o' 'CMakeFiles/cmTC_b06e3.dir/CMakeCXXCompilerABI.cpp.o' '-c' '-shared-libgcc' '-march=armv6' '-mfloat-abi=hard' '-mfpu=vfp' '-mtls-dialect=gnu']
  ignore line: [ /home/blue/rpi/tools/arm-bcm2708/arm-rpi-4.9.3-linux-gnueabihf/bin/../lib/gcc/arm-linux-gnueabihf/4.9.3/../../../../arm-linux-gnueabihf/bin/as -v -march=armv6 -mfloat-abi=hard -mfpu=vfp -meabi=5 -o CMakeFiles/cmTC_b06e3.dir/CMakeCXXCompilerABI.cpp.o /tmp/ccWW9kMA.s]
  ignore line: [GNU assembler version 2.25.1 (arm-linux-gnueabihf) using BFD version (crosstool-NG crosstool-ng-1.22.0-88-g8460611) 2.25.1]
  ignore line: [COMPILER_PATH=/home/blue/rpi/tools/arm-bcm2708/arm-rpi-4.9.3-linux-gnueabihf/bin/../libexec/gcc/arm-linux-gnueabihf/4.9.3/:/home/blue/rpi/tools/arm-bcm2708/arm-rpi-4.9.3-linux-gnueabihf/bin/../libexec/gcc/:/home/blue/rpi/tools/arm-bcm2708/arm-rpi-4.9.3-linux-gnueabihf/bin/../lib/gcc/arm-linux-gnueabihf/4.9.3/../../../../arm-linux-gnueabihf/bin/]
  ignore line: [LIBRARY_PATH=/home/blue/rpi/tools/arm-bcm2708/arm-rpi-4.9.3-linux-gnueabihf/bin/../lib/gcc/arm-linux-gnueabihf/4.9.3/:/home/blue/rpi/tools/arm-bcm2708/arm-rpi-4.9.3-linux-gnueabihf/bin/../lib/gcc/:/home/blue/rpi/tools/arm-bcm2708/arm-rpi-4.9.3-linux-gnueabihf/bin/../lib/gcc/arm-linux-gnueabihf/4.9.3/../../../../arm-linux-gnueabihf/lib/:/home/blue/rpi/tools/arm-bcm2708/arm-rpi-4.9.3-linux-gnueabihf/bin/../arm-linux-gnueabihf/sysroot/lib/:/home/blue/rpi/tools/arm-bcm2708/arm-rpi-4.9.3-linux-gnueabihf/bin/../arm-linux-gnueabihf/sysroot/usr/lib/]
  ignore line: [COLLECT_GCC_OPTIONS='-v' '-o' 'CMakeFiles/cmTC_b06e3.dir/CMakeCXXCompilerABI.cpp.o' '-c' '-shared-libgcc' '-march=armv6' '-mfloat-abi=hard' '-mfpu=vfp' '-mtls-dialect=gnu']
  ignore line: [Linking CXX executable cmTC_b06e3]
  ignore line: [/usr/local/bin/cmake -E cmake_link_script CMakeFiles/cmTC_b06e3.dir/link.txt --verbose=1]
  ignore line: [/home/blue/rpi/tools/arm-bcm2708/arm-rpi-4.9.3-linux-gnueabihf/bin/arm-linux-gnueabihf-g++      -v CMakeFiles/cmTC_b06e3.dir/CMakeCXXCompilerABI.cpp.o  -o cmTC_b06e3 ]
  ignore line: [Using built-in specs.]
  ignore line: [COLLECT_GCC=/home/blue/rpi/tools/arm-bcm2708/arm-rpi-4.9.3-linux-gnueabihf/bin/arm-linux-gnueabihf-g++]
  ignore line: [COLLECT_LTO_WRAPPER=/home/blue/rpi/tools/arm-bcm2708/arm-rpi-4.9.3-linux-gnueabihf/bin/../libexec/gcc/arm-linux-gnueabihf/4.9.3/lto-wrapper]
  ignore line: [Target: arm-linux-gnueabihf]
  ignore line: [Configured with: /home/dom/projects/crosstool-ng/install/bin/.build/src/gcc-4.9.3/configure --build=x86_64-build_pc-linux-gnu --host=x86_64-build_pc-linux-gnu --target=arm-linux-gnueabihf --prefix=/home/dom/x-tools6h-new/arm-rpi-linux-gnueabihf --with-sysroot=/home/dom/x-tools6h-new/arm-rpi-linux-gnueabihf/arm-linux-gnueabihf/sysroot --enable-languages=c,c++ --with-arch=armv6 --with-fpu=vfp --with-float=hard --with-pkgversion='crosstool-NG crosstool-ng-1.22.0-88-g8460611' --disable-sjlj-exceptions --enable-__cxa_atexit --disable-libmudflap --enable-libgomp --disable-libssp --enable-libquadmath --enable-libquadmath-support --disable-libsanitizer --with-gmp=/home/dom/projects/crosstool-ng/install/bin/.build/arm-linux-gnueabihf/buildtools --with-mpfr=/home/dom/projects/crosstool-ng/install/bin/.build/arm-linux-gnueabihf/buildtools --with-mpc=/home/dom/projects/crosstool-ng/install/bin/.build/arm-linux-gnueabihf/buildtools --with-isl=/home/dom/projects/crosstool-ng/install/bin/.build/arm-linux-gnueabihf/buildtools --with-cloog=/home/dom/projects/crosstool-ng/install/bin/.build/arm-linux-gnueabihf/buildtools --enable-lto --with-host-libstdcxx='-static-libgcc -Wl,-Bstatic,-lstdc++,-Bdynamic -lm' --enable-threads=posix --enable-target-optspace --with-linker-hash-style=gnu --disable-nls --disable-multilib --with-local-prefix=/home/dom/x-tools6h-new/arm-rpi-linux-gnueabihf/arm-linux-gnueabihf/sysroot --enable-long-long --with-arch=armv6 --with-float=hard --with-fpu=vfp]
  ignore line: [Thread model: posix]
  ignore line: [gcc version 4.9.3 (crosstool-NG crosstool-ng-1.22.0-88-g8460611) ]
  ignore line: [COMPILER_PATH=/home/blue/rpi/tools/arm-bcm2708/arm-rpi-4.9.3-linux-gnueabihf/bin/../libexec/gcc/arm-linux-gnueabihf/4.9.3/:/home/blue/rpi/tools/arm-bcm2708/arm-rpi-4.9.3-linux-gnueabihf/bin/../libexec/gcc/:/home/blue/rpi/tools/arm-bcm2708/arm-rpi-4.9.3-linux-gnueabihf/bin/../lib/gcc/arm-linux-gnueabihf/4.9.3/../../../../arm-linux-gnueabihf/bin/]
  ignore line: [LIBRARY_PATH=/home/blue/rpi/tools/arm-bcm2708/arm-rpi-4.9.3-linux-gnueabihf/bin/../lib/gcc/arm-linux-gnueabihf/4.9.3/:/home/blue/rpi/tools/arm-bcm2708/arm-rpi-4.9.3-linux-gnueabihf/bin/../lib/gcc/:/home/blue/rpi/tools/arm-bcm2708/arm-rpi-4.9.3-linux-gnueabihf/bin/../lib/gcc/arm-linux-gnueabihf/4.9.3/../../../../arm-linux-gnueabihf/lib/:/home/blue/rpi/tools/arm-bcm2708/arm-rpi-4.9.3-linux-gnueabihf/bin/../arm-linux-gnueabihf/sysroot/lib/:/home/blue/rpi/tools/arm-bcm2708/arm-rpi-4.9.3-linux-gnueabihf/bin/../arm-linux-gnueabihf/sysroot/usr/lib/]
  ignore line: [COLLECT_GCC_OPTIONS='-v' '-o' 'cmTC_b06e3' '-shared-libgcc' '-march=armv6' '-mfloat-abi=hard' '-mfpu=vfp' '-mtls-dialect=gnu']
  link line: [ /home/blue/rpi/tools/arm-bcm2708/arm-rpi-4.9.3-linux-gnueabihf/bin/../libexec/gcc/arm-linux-gnueabihf/4.9.3/collect2 -plugin /home/blue/rpi/tools/arm-bcm2708/arm-rpi-4.9.3-linux-gnueabihf/bin/../libexec/gcc/arm-linux-gnueabihf/4.9.3/liblto_plugin.so -plugin-opt=/home/blue/rpi/tools/arm-bcm2708/arm-rpi-4.9.3-linux-gnueabihf/bin/../libexec/gcc/arm-linux-gnueabihf/4.9.3/lto-wrapper -plugin-opt=-fresolution=/tmp/cc2G8a3D.res -plugin-opt=-pass-through=-lgcc_s -plugin-opt=-pass-through=-lgcc -plugin-opt=-pass-through=-lc -plugin-opt=-pass-through=-lgcc_s -plugin-opt=-pass-through=-lgcc --sysroot=/home/blue/rpi/tools/arm-bcm2708/arm-rpi-4.9.3-linux-gnueabihf/bin/../arm-linux-gnueabihf/sysroot --eh-frame-hdr --hash-style=gnu -dynamic-linker /lib/ld-linux-armhf.so.3 -X -m armelf_linux_eabi -o cmTC_b06e3 /home/blue/rpi/tools/arm-bcm2708/arm-rpi-4.9.3-linux-gnueabihf/bin/../arm-linux-gnueabihf/sysroot/usr/lib/crt1.o /home/blue/rpi/tools/arm-bcm2708/arm-rpi-4.9.3-linux-gnueabihf/bin/../arm-linux-gnueabihf/sysroot/usr/lib/crti.o /home/blue/rpi/tools/arm-bcm2708/arm-rpi-4.9.3-linux-gnueabihf/bin/../lib/gcc/arm-linux-gnueabihf/4.9.3/crtbegin.o -L/home/blue/rpi/tools/arm-bcm2708/arm-rpi-4.9.3-linux-gnueabihf/bin/../lib/gcc/arm-linux-gnueabihf/4.9.3 -L/home/blue/rpi/tools/arm-bcm2708/arm-rpi-4.9.3-linux-gnueabihf/bin/../lib/gcc -L/home/blue/rpi/tools/arm-bcm2708/arm-rpi-4.9.3-linux-gnueabihf/bin/../lib/gcc/arm-linux-gnueabihf/4.9.3/../../../../arm-linux-gnueabihf/lib -L/home/blue/rpi/tools/arm-bcm2708/arm-rpi-4.9.3-linux-gnueabihf/bin/../arm-linux-gnueabihf/sysroot/lib -L/home/blue/rpi/tools/arm-bcm2708/arm-rpi-4.9.3-linux-gnueabihf/bin/../arm-linux-gnueabihf/sysroot/usr/lib CMakeFiles/cmTC_b06e3.dir/CMakeCXXCompilerABI.cpp.o -lstdc++ -lm -lgcc_s -lgcc -lc -lgcc_s -lgcc /home/blue/rpi/tools/arm-bcm2708/arm-rpi-4.9.3-linux-gnueabihf/bin/../lib/gcc/arm-linux-gnueabihf/4.9.3/crtend.o /home/blue/rpi/tools/arm-bcm2708/arm-rpi-4.9.3-linux-gnueabihf/bin/../arm-linux-gnueabihf/sysroot/usr/lib/crtn.o]
    arg [/home/blue/rpi/tools/arm-bcm2708/arm-rpi-4.9.3-linux-gnueabihf/bin/../libexec/gcc/arm-linux-gnueabihf/4.9.3/collect2] ==> ignore
    arg [-plugin] ==> ignore
    arg [/home/blue/rpi/tools/arm-bcm2708/arm-rpi-4.9.3-linux-gnueabihf/bin/../libexec/gcc/arm-linux-gnueabihf/4.9.3/liblto_plugin.so] ==> ignore
    arg [-plugin-opt=/home/blue/rpi/tools/arm-bcm2708/arm-rpi-4.9.3-linux-gnueabihf/bin/../libexec/gcc/arm-linux-gnueabihf/4.9.3/lto-wrapper] ==> ignore
    arg [-plugin-opt=-fresolution=/tmp/cc2G8a3D.res] ==> ignore
    arg [-plugin-opt=-pass-through=-lgcc_s] ==> ignore
    arg [-plugin-opt=-pass-through=-lgcc] ==> ignore
    arg [-plugin-opt=-pass-through=-lc] ==> ignore
    arg [-plugin-opt=-pass-through=-lgcc_s] ==> ignore
    arg [-plugin-opt=-pass-through=-lgcc] ==> ignore
    arg [--sysroot=/home/blue/rpi/tools/arm-bcm2708/arm-rpi-4.9.3-linux-gnueabihf/bin/../arm-linux-gnueabihf/sysroot] ==> ignore
    arg [--eh-frame-hdr] ==> ignore
    arg [--hash-style=gnu] ==> ignore
    arg [-dynamic-linker] ==> ignore
    arg [/lib/ld-linux-armhf.so.3] ==> ignore
    arg [-X] ==> ignore
    arg [-m] ==> ignore
    arg [armelf_linux_eabi] ==> ignore
    arg [-o] ==> ignore
    arg [cmTC_b06e3] ==> ignore
    arg [/home/blue/rpi/tools/arm-bcm2708/arm-rpi-4.9.3-linux-gnueabihf/bin/../arm-linux-gnueabihf/sysroot/usr/lib/crt1.o] ==> ignore
    arg [/home/blue/rpi/tools/arm-bcm2708/arm-rpi-4.9.3-linux-gnueabihf/bin/../arm-linux-gnueabihf/sysroot/usr/lib/crti.o] ==> ignore
    arg [/home/blue/rpi/tools/arm-bcm2708/arm-rpi-4.9.3-linux-gnueabihf/bin/../lib/gcc/arm-linux-gnueabihf/4.9.3/crtbegin.o] ==> ignore
    arg [-L/home/blue/rpi/tools/arm-bcm2708/arm-rpi-4.9.3-linux-gnueabihf/bin/../lib/gcc/arm-linux-gnueabihf/4.9.3] ==> dir [/home/blue/rpi/tools/arm-bcm2708/arm-rpi-4.9.3-linux-gnueabihf/bin/../lib/gcc/arm-linux-gnueabihf/4.9.3]
    arg [-L/home/blue/rpi/tools/arm-bcm2708/arm-rpi-4.9.3-linux-gnueabihf/bin/../lib/gcc] ==> dir [/home/blue/rpi/tools/arm-bcm2708/arm-rpi-4.9.3-linux-gnueabihf/bin/../lib/gcc]
    arg [-L/home/blue/rpi/tools/arm-bcm2708/arm-rpi-4.9.3-linux-gnueabihf/bin/../lib/gcc/arm-linux-gnueabihf/4.9.3/../../../../arm-linux-gnueabihf/lib] ==> dir [/home/blue/rpi/tools/arm-bcm2708/arm-rpi-4.9.3-linux-gnueabihf/bin/../lib/gcc/arm-linux-gnueabihf/4.9.3/../../../../arm-linux-gnueabihf/lib]
    arg [-L/home/blue/rpi/tools/arm-bcm2708/arm-rpi-4.9.3-linux-gnueabihf/bin/../arm-linux-gnueabihf/sysroot/lib] ==> dir [/home/blue/rpi/tools/arm-bcm2708/arm-rpi-4.9.3-linux-gnueabihf/bin/../arm-linux-gnueabihf/sysroot/lib]
    arg [-L/home/blue/rpi/tools/arm-bcm2708/arm-rpi-4.9.3-linux-gnueabihf/bin/../arm-linux-gnueabihf/sysroot/usr/lib] ==> dir [/home/blue/rpi/tools/arm-bcm2708/arm-rpi-4.9.3-linux-gnueabihf/bin/../arm-linux-gnueabihf/sysroot/usr/lib]
    arg [CMakeFiles/cmTC_b06e3.dir/CMakeCXXCompilerABI.cpp.o] ==> ignore
    arg [-lstdc++] ==> lib [stdc++]
    arg [-lm] ==> lib [m]
    arg [-lgcc_s] ==> lib [gcc_s]
    arg [-lgcc] ==> lib [gcc]
    arg [-lc] ==> lib [c]
    arg [-lgcc_s] ==> lib [gcc_s]
    arg [-lgcc] ==> lib [gcc]
    arg [/home/blue/rpi/tools/arm-bcm2708/arm-rpi-4.9.3-linux-gnueabihf/bin/../lib/gcc/arm-linux-gnueabihf/4.9.3/crtend.o] ==> ignore
    arg [/home/blue/rpi/tools/arm-bcm2708/arm-rpi-4.9.3-linux-gnueabihf/bin/../arm-linux-gnueabihf/sysroot/usr/lib/crtn.o] ==> ignore
  collapse library dir [/home/blue/rpi/tools/arm-bcm2708/arm-rpi-4.9.3-linux-gnueabihf/bin/../lib/gcc/arm-linux-gnueabihf/4.9.3] ==> [/home/blue/rpi/tools/arm-bcm2708/arm-rpi-4.9.3-linux-gnueabihf/lib/gcc/arm-linux-gnueabihf/4.9.3]
  collapse library dir [/home/blue/rpi/tools/arm-bcm2708/arm-rpi-4.9.3-linux-gnueabihf/bin/../lib/gcc] ==> [/home/blue/rpi/tools/arm-bcm2708/arm-rpi-4.9.3-linux-gnueabihf/lib/gcc]
  collapse library dir [/home/blue/rpi/tools/arm-bcm2708/arm-rpi-4.9.3-linux-gnueabihf/bin/../lib/gcc/arm-linux-gnueabihf/4.9.3/../../../../arm-linux-gnueabihf/lib] ==> [/home/blue/rpi/tools/arm-bcm2708/arm-rpi-4.9.3-linux-gnueabihf/arm-linux-gnueabihf/lib]
  collapse library dir [/home/blue/rpi/tools/arm-bcm2708/arm-rpi-4.9.3-linux-gnueabihf/bin/../arm-linux-gnueabihf/sysroot/lib] ==> [/home/blue/rpi/tools/arm-bcm2708/arm-rpi-4.9.3-linux-gnueabihf/arm-linux-gnueabihf/sysroot/lib]
  collapse library dir [/home/blue/rpi/tools/arm-bcm2708/arm-rpi-4.9.3-linux-gnueabihf/bin/../arm-linux-gnueabihf/sysroot/usr/lib] ==> [/home/blue/rpi/tools/arm-bcm2708/arm-rpi-4.9.3-linux-gnueabihf/arm-linux-gnueabihf/sysroot/usr/lib]
  implicit libs: [stdc++;m;gcc_s;gcc;c;gcc_s;gcc]
  implicit dirs: [/home/blue/rpi/tools/arm-bcm2708/arm-rpi-4.9.3-linux-gnueabihf/lib/gcc/arm-linux-gnueabihf/4.9.3;/home/blue/rpi/tools/arm-bcm2708/arm-rpi-4.9.3-linux-gnueabihf/lib/gcc;/home/blue/rpi/tools/arm-bcm2708/arm-rpi-4.9.3-linux-gnueabihf/arm-linux-gnueabihf/lib;/home/blue/rpi/tools/arm-bcm2708/arm-rpi-4.9.3-linux-gnueabihf/arm-linux-gnueabihf/sysroot/lib;/home/blue/rpi/tools/arm-bcm2708/arm-rpi-4.9.3-linux-gnueabihf/arm-linux-gnueabihf/sysroot/usr/lib]
  implicit fwks: []




Detecting CXX [-std=c++14] compiler features compiled with the following output:
Change Dir: /home/blue/Desktop/SLAM/demo/build/CMakeFiles/CMakeTmp

Run Build Command(s):/usr/bin/make cmTC_00428/fast 
/usr/bin/make -f CMakeFiles/cmTC_00428.dir/build.make CMakeFiles/cmTC_00428.dir/build
make[1]: Entering directory '/home/blue/Desktop/SLAM/demo/build/CMakeFiles/CMakeTmp'
Building CXX object CMakeFiles/cmTC_00428.dir/feature_tests.cxx.o
/home/blue/rpi/tools/arm-bcm2708/arm-rpi-4.9.3-linux-gnueabihf/bin/arm-linux-gnueabihf-g++    -std=c++14 -o CMakeFiles/cmTC_00428.dir/feature_tests.cxx.o -c /home/blue/Desktop/SLAM/demo/build/CMakeFiles/feature_tests.cxx
Linking CXX executable cmTC_00428
/usr/local/bin/cmake -E cmake_link_script CMakeFiles/cmTC_00428.dir/link.txt --verbose=1
/home/blue/rpi/tools/arm-bcm2708/arm-rpi-4.9.3-linux-gnueabihf/bin/arm-linux-gnueabihf-g++       CMakeFiles/cmTC_00428.dir/feature_tests.cxx.o  -o cmTC_00428 
make[1]: Leaving directory '/home/blue/Desktop/SLAM/demo/build/CMakeFiles/CMakeTmp'


    Feature record: CXX_FEATURE:0cxx_aggregate_default_initializers
    Feature record: CXX_FEATURE:1cxx_alias_templates
    Feature record: CXX_FEATURE:1cxx_alignas
    Feature record: CXX_FEATURE:1cxx_alignof
    Feature record: CXX_FEATURE:1cxx_attributes
    Feature record: CXX_FEATURE:1cxx_attribute_deprecated
    Feature record: CXX_FEATURE:1cxx_auto_type
    Feature record: CXX_FEATURE:1cxx_binary_literals
    Feature record: CXX_FEATURE:1cxx_constexpr
    Feature record: CXX_FEATURE:1cxx_contextual_conversions
    Feature record: CXX_FEATURE:1cxx_decltype
    Feature record: CXX_FEATURE:1cxx_decltype_auto
    Feature record: CXX_FEATURE:1cxx_decltype_incomplete_return_types
    Feature record: CXX_FEATURE:1cxx_default_function_template_args
    Feature record: CXX_FEATURE:1cxx_defaulted_functions
    Feature record: CXX_FEATURE:1cxx_defaulted_move_initializers
    Feature record: CXX_FEATURE:1cxx_delegating_constructors
    Feature record: CXX_FEATURE:1cxx_deleted_functions
    Feature record: CXX_FEATURE:1cxx_digit_separators
    Feature record: CXX_FEATURE:1cxx_enum_forward_declarations
    Feature record: CXX_FEATURE:1cxx_explicit_conversions
    Feature record: CXX_FEATURE:1cxx_extended_friend_declarations
    Feature record: CXX_FEATURE:1cxx_extern_templates
    Feature record: CXX_FEATURE:1cxx_final
    Feature record: CXX_FEATURE:1cxx_func_identifier
    Feature record: CXX_FEATURE:1cxx_generalized_initializers
    Feature record: CXX_FEATURE:1cxx_generic_lambdas
    Feature record: CXX_FEATURE:1cxx_inheriting_constructors
    Feature record: CXX_FEATURE:1cxx_inline_namespaces
    Feature record: CXX_FEATURE:1cxx_lambdas
    Feature record: CXX_FEATURE:1cxx_lambda_init_captures
    Feature record: CXX_FEATURE:1cxx_local_type_template_args
    Feature record: CXX_FEATURE:1cxx_long_long_type
    Feature record: CXX_FEATURE:1cxx_noexcept
    Feature record: CXX_FEATURE:1cxx_nonstatic_member_init
    Feature record: CXX_FEATURE:1cxx_nullptr
    Feature record: CXX_FEATURE:1cxx_override
    Feature record: CXX_FEATURE:1cxx_range_for
    Feature record: CXX_FEATURE:1cxx_raw_string_literals
    Feature record: CXX_FEATURE:1cxx_reference_qualified_functions
    Feature record: CXX_FEATURE:0cxx_relaxed_constexpr
    Feature record: CXX_FEATURE:1cxx_return_type_deduction
    Feature record: CXX_FEATURE:1cxx_right_angle_brackets
    Feature record: CXX_FEATURE:1cxx_rvalue_references
    Feature record: CXX_FEATURE:1cxx_sizeof_member
    Feature record: CXX_FEATURE:1cxx_static_assert
    Feature record: CXX_FEATURE:1cxx_strong_enums
    Feature record: CXX_FEATURE:1cxx_template_template_parameters
    Feature record: CXX_FEATURE:1cxx_thread_local
    Feature record: CXX_FEATURE:1cxx_trailing_return_types
    Feature record: CXX_FEATURE:1cxx_unicode_literals
    Feature record: CXX_FEATURE:1cxx_uniform_initialization
    Feature record: CXX_FEATURE:1cxx_unrestricted_unions
    Feature record: CXX_FEATURE:1cxx_user_literals
    Feature record: CXX_FEATURE:0cxx_variable_templates
    Feature record: CXX_FEATURE:1cxx_variadic_macros
    Feature record: CXX_FEATURE:1cxx_variadic_templates


Detecting CXX [-std=c++11] compiler features compiled with the following output:
Change Dir: /home/blue/Desktop/SLAM/demo/build/CMakeFiles/CMakeTmp

Run Build Command(s):/usr/bin/make cmTC_f8434/fast 
/usr/bin/make -f CMakeFiles/cmTC_f8434.dir/build.make CMakeFiles/cmTC_f8434.dir/build
make[1]: Entering directory '/home/blue/Desktop/SLAM/demo/build/CMakeFiles/CMakeTmp'
Building CXX object CMakeFiles/cmTC_f8434.dir/feature_tests.cxx.o
/home/blue/rpi/tools/arm-bcm2708/arm-rpi-4.9.3-linux-gnueabihf/bin/arm-linux-gnueabihf-g++    -std=c++11 -o CMakeFiles/cmTC_f8434.dir/feature_tests.cxx.o -c /home/blue/Desktop/SLAM/demo/build/CMakeFiles/feature_tests.cxx
Linking CXX executable cmTC_f8434
/usr/local/bin/cmake -E cmake_link_script CMakeFiles/cmTC_f8434.dir/link.txt --verbose=1
/home/blue/rpi/tools/arm-bcm2708/arm-rpi-4.9.3-linux-gnueabihf/bin/arm-linux-gnueabihf-g++       CMakeFiles/cmTC_f8434.dir/feature_tests.cxx.o  -o cmTC_f8434 
make[1]: Leaving directory '/home/blue/Desktop/SLAM/demo/build/CMakeFiles/CMakeTmp'


    Feature record: CXX_FEATURE:0cxx_aggregate_default_initializers
    Feature record: CXX_FEATURE:1cxx_alias_templates
    Feature record: CXX_FEATURE:1cxx_alignas
    Feature record: CXX_FEATURE:1cxx_alignof
    Feature record: CXX_FEATURE:1cxx_attributes
    Feature record: CXX_FEATURE:0cxx_attribute_deprecated
    Feature record: CXX_FEATURE:1cxx_auto_type
    Feature record: CXX_FEATURE:0cxx_binary_literals
    Feature record: CXX_FEATURE:1cxx_constexpr
    Feature record: CXX_FEATURE:0cxx_contextual_conversions
    Feature record: CXX_FEATURE:1cxx_decltype
    Feature record: CXX_FEATURE:0cxx_decltype_auto
    Feature record: CXX_FEATURE:1cxx_decltype_incomplete_return_types
    Feature record: CXX_FEATURE:1cxx_default_function_template_args
    Feature record: CXX_FEATURE:1cxx_defaulted_functions
    Feature record: CXX_FEATURE:1cxx_defaulted_move_initializers
    Feature record: CXX_FEATURE:1cxx_delegating_constructors
    Feature record: CXX_FEATURE:1cxx_deleted_functions
    Feature record: CXX_FEATURE:0cxx_digit_separators
    Feature record: CXX_FEATURE:1cxx_enum_forward_declarations
    Feature record: CXX_FEATURE:1cxx_explicit_conversions
    Feature record: CXX_FEATURE:1cxx_extended_friend_declarations
    Feature record: CXX_FEATURE:1cxx_extern_templates
    Feature record: CXX_FEATURE:1cxx_final
    Feature record: CXX_FEATURE:1cxx_func_identifier
    Feature record: CXX_FEATURE:1cxx_generalized_initializers
    Feature record: CXX_FEATURE:0cxx_generic_lambdas
    Feature record: CXX_FEATURE:1cxx_inheriting_constructors
    Feature record: CXX_FEATURE:1cxx_inline_namespaces
    Feature record: CXX_FEATURE:1cxx_lambdas
    Feature record: CXX_FEATURE:0cxx_lambda_init_captures
    Feature record: CXX_FEATURE:1cxx_local_type_template_args
    Feature record: CXX_FEATURE:1cxx_long_long_type
    Feature record: CXX_FEATURE:1cxx_noexcept
    Feature record: CXX_FEATURE:1cxx_nonstatic_member_init
    Feature record: CXX_FEATURE:1cxx_nullptr
    Feature record: CXX_FEATURE:1cxx_override
    Feature record: CXX_FEATURE:1cxx_range_for
    Feature record: CXX_FEATURE:1cxx_raw_string_literals
    Feature record: CXX_FEATURE:1cxx_reference_qualified_functions
    Feature record: CXX_FEATURE:0cxx_relaxed_constexpr
    Feature record: CXX_FEATURE:0cxx_return_type_deduction
    Feature record: CXX_FEATURE:1cxx_right_angle_brackets
    Feature record: CXX_FEATURE:1cxx_rvalue_references
    Feature record: CXX_FEATURE:1cxx_sizeof_member
    Feature record: CXX_FEATURE:1cxx_static_assert
    Feature record: CXX_FEATURE:1cxx_strong_enums
    Feature record: CXX_FEATURE:1cxx_template_template_parameters
    Feature record: CXX_FEATURE:1cxx_thread_local
    Feature record: CXX_FEATURE:1cxx_trailing_return_types
    Feature record: CXX_FEATURE:1cxx_unicode_literals
    Feature record: CXX_FEATURE:1cxx_uniform_initialization
    Feature record: CXX_FEATURE:1cxx_unrestricted_unions
    Feature record: CXX_FEATURE:1cxx_user_literals
    Feature record: CXX_FEATURE:0cxx_variable_templates
    Feature record: CXX_FEATURE:1cxx_variadic_macros
    Feature record: CXX_FEATURE:1cxx_variadic_templates


Detecting CXX [-std=c++98] compiler features compiled with the following output:
Change Dir: /home/blue/Desktop/SLAM/demo/build/CMakeFiles/CMakeTmp

Run Build Command(s):/usr/bin/make cmTC_34226/fast 
/usr/bin/make -f CMakeFiles/cmTC_34226.dir/build.make CMakeFiles/cmTC_34226.dir/build
make[1]: Entering directory '/home/blue/Desktop/SLAM/demo/build/CMakeFiles/CMakeTmp'
Building CXX object CMakeFiles/cmTC_34226.dir/feature_tests.cxx.o
/home/blue/rpi/tools/arm-bcm2708/arm-rpi-4.9.3-linux-gnueabihf/bin/arm-linux-gnueabihf-g++    -std=c++98 -o CMakeFiles/cmTC_34226.dir/feature_tests.cxx.o -c /home/blue/Desktop/SLAM/demo/build/CMakeFiles/feature_tests.cxx
Linking CXX executable cmTC_34226
/usr/local/bin/cmake -E cmake_link_script CMakeFiles/cmTC_34226.dir/link.txt --verbose=1
/home/blue/rpi/tools/arm-bcm2708/arm-rpi-4.9.3-linux-gnueabihf/bin/arm-linux-gnueabihf-g++       CMakeFiles/cmTC_34226.dir/feature_tests.cxx.o  -o cmTC_34226 
make[1]: Leaving directory '/home/blue/Desktop/SLAM/demo/build/CMakeFiles/CMakeTmp'


    Feature record: CXX_FEATURE:0cxx_aggregate_default_initializers
    Feature record: CXX_FEATURE:0cxx_alias_templates
    Feature record: CXX_FEATURE:0cxx_alignas
    Feature record: CXX_FEATURE:0cxx_alignof
    Feature record: CXX_FEATURE:0cxx_attributes
    Feature record: CXX_FEATURE:0cxx_attribute_deprecated
    Feature record: CXX_FEATURE:0cxx_auto_type
    Feature record: CXX_FEATURE:0cxx_binary_literals
    Feature record: CXX_FEATURE:0cxx_constexpr
    Feature record: CXX_FEATURE:0cxx_contextual_conversions
    Feature record: CXX_FEATURE:0cxx_decltype
    Feature record: CXX_FEATURE:0cxx_decltype_auto
    Feature record: CXX_FEATURE:0cxx_decltype_incomplete_return_types
    Feature record: CXX_FEATURE:0cxx_default_function_template_args
    Feature record: CXX_FEATURE:0cxx_defaulted_functions
    Feature record: CXX_FEATURE:0cxx_defaulted_move_initializers
    Feature record: CXX_FEATURE:0cxx_delegating_constructors
    Feature record: CXX_FEATURE:0cxx_deleted_functions
    Feature record: CXX_FEATURE:0cxx_digit_separators
    Feature record: CXX_FEATURE:0cxx_enum_forward_declarations
    Feature record: CXX_FEATURE:0cxx_explicit_conversions
    Feature record: CXX_FEATURE:0cxx_extended_friend_declarations
    Feature record: CXX_FEATURE:0cxx_extern_templates
    Feature record: CXX_FEATURE:0cxx_final
    Feature record: CXX_FEATURE:0cxx_func_identifier
    Feature record: CXX_FEATURE:0cxx_generalized_initializers
    Feature record: CXX_FEATURE:0cxx_generic_lambdas
    Feature record: CXX_FEATURE:0cxx_inheriting_constructors
    Feature record: CXX_FEATURE:0cxx_inline_namespaces
    Feature record: CXX_FEATURE:0cxx_lambdas
    Feature record: CXX_FEATURE:0cxx_lambda_init_captures
    Feature record: CXX_FEATURE:0cxx_local_type_template_args
    Feature record: CXX_FEATURE:0cxx_long_long_type
    Feature record: CXX_FEATURE:0cxx_noexcept
    Feature record: CXX_FEATURE:0cxx_nonstatic_member_init
    Feature record: CXX_FEATURE:0cxx_nullptr
    Feature record: CXX_FEATURE:0cxx_override
    Feature record: CXX_FEATURE:0cxx_range_for
    Feature record: CXX_FEATURE:0cxx_raw_string_literals
    Feature record: CXX_FEATURE:0cxx_reference_qualified_functions
    Feature record: CXX_FEATURE:0cxx_relaxed_constexpr
    Feature record: CXX_FEATURE:0cxx_return_type_deduction
    Feature record: CXX_FEATURE:0cxx_right_angle_brackets
    Feature record: CXX_FEATURE:0cxx_rvalue_references
    Feature record: CXX_FEATURE:0cxx_sizeof_member
    Feature record: CXX_FEATURE:0cxx_static_assert
    Feature record: CXX_FEATURE:0cxx_strong_enums
    Feature record: CXX_FEATURE:1cxx_template_template_parameters
    Feature record: CXX_FEATURE:0cxx_thread_local
    Feature record: CXX_FEATURE:0cxx_trailing_return_types
    Feature record: CXX_FEATURE:0cxx_unicode_literals
    Feature record: CXX_FEATURE:0cxx_uniform_initialization
    Feature record: CXX_FEATURE:0cxx_unrestricted_unions
    Feature record: CXX_FEATURE:0cxx_user_literals
    Feature record: CXX_FEATURE:0cxx_variable_templates
    Feature record: CXX_FEATURE:0cxx_variadic_macros
    Feature record: CXX_FEATURE:0cxx_variadic_templates
Determining if the C compiler works passed with the following output:
Change Dir: /home/blue/Desktop/SLAM/demo/build/CMakeFiles/CMakeTmp

Run Build Command(s):/usr/bin/make cmTC_0c7c1/fast 
/usr/bin/make -f CMakeFiles/cmTC_0c7c1.dir/build.make CMakeFiles/cmTC_0c7c1.dir/build
make[1]: Entering directory '/home/blue/Desktop/SLAM/demo/build/CMakeFiles/CMakeTmp'
Building C object CMakeFiles/cmTC_0c7c1.dir/testCCompiler.c.o
/home/blue/rpi/tools/arm-bcm2708/arm-rpi-4.9.3-linux-gnueabihf/bin/arm-linux-gnueabihf-gcc    -o CMakeFiles/cmTC_0c7c1.dir/testCCompiler.c.o   -c /home/blue/Desktop/SLAM/demo/build/CMakeFiles/CMakeTmp/testCCompiler.c
Linking C executable cmTC_0c7c1
/usr/local/bin/cmake -E cmake_link_script CMakeFiles/cmTC_0c7c1.dir/link.txt --verbose=1
/home/blue/rpi/tools/arm-bcm2708/arm-rpi-4.9.3-linux-gnueabihf/bin/arm-linux-gnueabihf-gcc      CMakeFiles/cmTC_0c7c1.dir/testCCompiler.c.o  -o cmTC_0c7c1 
make[1]: Leaving directory '/home/blue/Desktop/SLAM/demo/build/CMakeFiles/CMakeTmp'


Detecting C compiler ABI info compiled with the following output:
Change Dir: /home/blue/Desktop/SLAM/demo/build/CMakeFiles/CMakeTmp

Run Build Command(s):/usr/bin/make cmTC_ea6e6/fast 
/usr/bin/make -f CMakeFiles/cmTC_ea6e6.dir/build.make CMakeFiles/cmTC_ea6e6.dir/build
make[1]: Entering directory '/home/blue/Desktop/SLAM/demo/build/CMakeFiles/CMakeTmp'
Building C object CMakeFiles/cmTC_ea6e6.dir/CMakeCCompilerABI.c.o
/home/blue/rpi/tools/arm-bcm2708/arm-rpi-4.9.3-linux-gnueabihf/bin/arm-linux-gnueabihf-gcc   -v -o CMakeFiles/cmTC_ea6e6.dir/CMakeCCompilerABI.c.o   -c /usr/local/share/cmake-3.14/Modules/CMakeCCompilerABI.c
Using built-in specs.
COLLECT_GCC=/home/blue/rpi/tools/arm-bcm2708/arm-rpi-4.9.3-linux-gnueabihf/bin/arm-linux-gnueabihf-gcc
Target: arm-linux-gnueabihf
Configured with: /home/dom/projects/crosstool-ng/install/bin/.build/src/gcc-4.9.3/configure --build=x86_64-build_pc-linux-gnu --host=x86_64-build_pc-linux-gnu --target=arm-linux-gnueabihf --prefix=/home/dom/x-tools6h-new/arm-rpi-linux-gnueabihf --with-sysroot=/home/dom/x-tools6h-new/arm-rpi-linux-gnueabihf/arm-linux-gnueabihf/sysroot --enable-languages=c,c++ --with-arch=armv6 --with-fpu=vfp --with-float=hard --with-pkgversion='crosstool-NG crosstool-ng-1.22.0-88-g8460611' --disable-sjlj-exceptions --enable-__cxa_atexit --disable-libmudflap --enable-libgomp --disable-libssp --enable-libquadmath --enable-libquadmath-support --disable-libsanitizer --with-gmp=/home/dom/projects/crosstool-ng/install/bin/.build/arm-linux-gnueabihf/buildtools --with-mpfr=/home/dom/projects/crosstool-ng/install/bin/.build/arm-linux-gnueabihf/buildtools --with-mpc=/home/dom/projects/crosstool-ng/install/bin/.build/arm-linux-gnueabihf/buildtools --with-isl=/home/dom/projects/crosstool-ng/install/bin/.build/arm-linux-gnueabihf/buildtools --with-cloog=/home/dom/projects/crosstool-ng/install/bin/.build/arm-linux-gnueabihf/buildtools --enable-lto --with-host-libstdcxx='-static-libgcc -Wl,-Bstatic,-lstdc++,-Bdynamic -lm' --enable-threads=posix --enable-target-optspace --with-linker-hash-style=gnu --disable-nls --disable-multilib --with-local-prefix=/home/dom/x-tools6h-new/arm-rpi-linux-gnueabihf/arm-linux-gnueabihf/sysroot --enable-long-long --with-arch=armv6 --with-float=hard --with-fpu=vfp
Thread model: posix
gcc version 4.9.3 (crosstool-NG crosstool-ng-1.22.0-88-g8460611) 
COLLECT_GCC_OPTIONS='-v' '-o' 'CMakeFiles/cmTC_ea6e6.dir/CMakeCCompilerABI.c.o' '-c' '-march=armv6' '-mfloat-abi=hard' '-mfpu=vfp' '-mtls-dialect=gnu'
 /home/blue/rpi/tools/arm-bcm2708/arm-rpi-4.9.3-linux-gnueabihf/bin/../libexec/gcc/arm-linux-gnueabihf/4.9.3/cc1 -quiet -v -iprefix /home/blue/rpi/tools/arm-bcm2708/arm-rpi-4.9.3-linux-gnueabihf/bin/../lib/gcc/arm-linux-gnueabihf/4.9.3/ -isysroot /home/blue/rpi/tools/arm-bcm2708/arm-rpi-4.9.3-linux-gnueabihf/bin/../arm-linux-gnueabihf/sysroot /usr/local/share/cmake-3.14/Modules/CMakeCCompilerABI.c -quiet -dumpbase CMakeCCompilerABI.c -march=armv6 -mfloat-abi=hard -mfpu=vfp -mtls-dialect=gnu -auxbase-strip CMakeFiles/cmTC_ea6e6.dir/CMakeCCompilerABI.c.o -version -o /tmp/ccESsRB8.s
GNU C (crosstool-NG crosstool-ng-1.22.0-88-g8460611) version 4.9.3 (arm-linux-gnueabihf)
	compiled by GNU C version 4.8.4, GMP version 6.0.0, MPFR version 3.1.3, MPC version 1.0.3
GGC heuristics: --param ggc-min-expand=100 --param ggc-min-heapsize=131072
ignoring duplicate directory "/home/blue/rpi/tools/arm-bcm2708/arm-rpi-4.9.3-linux-gnueabihf/bin/../lib/gcc/../../lib/gcc/arm-linux-gnueabihf/4.9.3/include"
ignoring nonexistent directory "/home/blue/rpi/tools/arm-bcm2708/arm-rpi-4.9.3-linux-gnueabihf/bin/../arm-linux-gnueabihf/sysroot/home/dom/x-tools6h-new/arm-rpi-linux-gnueabihf/arm-linux-gnueabihf/sysroot/include"
ignoring duplicate directory "/home/blue/rpi/tools/arm-bcm2708/arm-rpi-4.9.3-linux-gnueabihf/bin/../lib/gcc/../../lib/gcc/arm-linux-gnueabihf/4.9.3/include-fixed"
ignoring duplicate directory "/home/blue/rpi/tools/arm-bcm2708/arm-rpi-4.9.3-linux-gnueabihf/bin/../lib/gcc/../../lib/gcc/arm-linux-gnueabihf/4.9.3/../../../../arm-linux-gnueabihf/include"
#include "..." search starts here:
#include <...> search starts here:
 /home/blue/rpi/tools/arm-bcm2708/arm-rpi-4.9.3-linux-gnueabihf/bin/../lib/gcc/arm-linux-gnueabihf/4.9.3/include
 /home/blue/rpi/tools/arm-bcm2708/arm-rpi-4.9.3-linux-gnueabihf/bin/../lib/gcc/arm-linux-gnueabihf/4.9.3/include-fixed
 /home/blue/rpi/tools/arm-bcm2708/arm-rpi-4.9.3-linux-gnueabihf/bin/../lib/gcc/arm-linux-gnueabihf/4.9.3/../../../../arm-linux-gnueabihf/include
 /home/blue/rpi/tools/arm-bcm2708/arm-rpi-4.9.3-linux-gnueabihf/bin/../arm-linux-gnueabihf/sysroot/usr/include
End of search list.
GNU C (crosstool-NG crosstool-ng-1.22.0-88-g8460611) version 4.9.3 (arm-linux-gnueabihf)
	compiled by GNU C version 4.8.4, GMP version 6.0.0, MPFR version 3.1.3, MPC version 1.0.3
GGC heuristics: --param ggc-min-expand=100 --param ggc-min-heapsize=131072
Compiler executable checksum: ab6520190aab2eb5dd4fcb2a453dd165
COLLECT_GCC_OPTIONS='-v' '-o' 'CMakeFiles/cmTC_ea6e6.dir/CMakeCCompilerABI.c.o' '-c' '-march=armv6' '-mfloat-abi=hard' '-mfpu=vfp' '-mtls-dialect=gnu'
 /home/blue/rpi/tools/arm-bcm2708/arm-rpi-4.9.3-linux-gnueabihf/bin/../lib/gcc/arm-linux-gnueabihf/4.9.3/../../../../arm-linux-gnueabihf/bin/as -v -march=armv6 -mfloat-abi=hard -mfpu=vfp -meabi=5 -o CMakeFiles/cmTC_ea6e6.dir/CMakeCCompilerABI.c.o /tmp/ccESsRB8.s
GNU assembler version 2.25.1 (arm-linux-gnueabihf) using BFD version (crosstool-NG crosstool-ng-1.22.0-88-g8460611) 2.25.1
COMPILER_PATH=/home/blue/rpi/tools/arm-bcm2708/arm-rpi-4.9.3-linux-gnueabihf/bin/../libexec/gcc/arm-linux-gnueabihf/4.9.3/:/home/blue/rpi/tools/arm-bcm2708/arm-rpi-4.9.3-linux-gnueabihf/bin/../libexec/gcc/:/home/blue/rpi/tools/arm-bcm2708/arm-rpi-4.9.3-linux-gnueabihf/bin/../lib/gcc/arm-linux-gnueabihf/4.9.3/../../../../arm-linux-gnueabihf/bin/
LIBRARY_PATH=/home/blue/rpi/tools/arm-bcm2708/arm-rpi-4.9.3-linux-gnueabihf/bin/../lib/gcc/arm-linux-gnueabihf/4.9.3/:/home/blue/rpi/tools/arm-bcm2708/arm-rpi-4.9.3-linux-gnueabihf/bin/../lib/gcc/:/home/blue/rpi/tools/arm-bcm2708/arm-rpi-4.9.3-linux-gnueabihf/bin/../lib/gcc/arm-linux-gnueabihf/4.9.3/../../../../arm-linux-gnueabihf/lib/:/home/blue/rpi/tools/arm-bcm2708/arm-rpi-4.9.3-linux-gnueabihf/bin/../arm-linux-gnueabihf/sysroot/lib/:/home/blue/rpi/tools/arm-bcm2708/arm-rpi-4.9.3-linux-gnueabihf/bin/../arm-linux-gnueabihf/sysroot/usr/lib/
COLLECT_GCC_OPTIONS='-v' '-o' 'CMakeFiles/cmTC_ea6e6.dir/CMakeCCompilerABI.c.o' '-c' '-march=armv6' '-mfloat-abi=hard' '-mfpu=vfp' '-mtls-dialect=gnu'
Linking C executable cmTC_ea6e6
/usr/local/bin/cmake -E cmake_link_script CMakeFiles/cmTC_ea6e6.dir/link.txt --verbose=1
/home/blue/rpi/tools/arm-bcm2708/arm-rpi-4.9.3-linux-gnueabihf/bin/arm-linux-gnueabihf-gcc     -v CMakeFiles/cmTC_ea6e6.dir/CMakeCCompilerABI.c.o  -o cmTC_ea6e6 
Using built-in specs.
COLLECT_GCC=/home/blue/rpi/tools/arm-bcm2708/arm-rpi-4.9.3-linux-gnueabihf/bin/arm-linux-gnueabihf-gcc
COLLECT_LTO_WRAPPER=/home/blue/rpi/tools/arm-bcm2708/arm-rpi-4.9.3-linux-gnueabihf/bin/../libexec/gcc/arm-linux-gnueabihf/4.9.3/lto-wrapper
Target: arm-linux-gnueabihf
Configured with: /home/dom/projects/crosstool-ng/install/bin/.build/src/gcc-4.9.3/configure --build=x86_64-build_pc-linux-gnu --host=x86_64-build_pc-linux-gnu --target=arm-linux-gnueabihf --prefix=/home/dom/x-tools6h-new/arm-rpi-linux-gnueabihf --with-sysroot=/home/dom/x-tools6h-new/arm-rpi-linux-gnueabihf/arm-linux-gnueabihf/sysroot --enable-languages=c,c++ --with-arch=armv6 --with-fpu=vfp --with-float=hard --with-pkgversion='crosstool-NG crosstool-ng-1.22.0-88-g8460611' --disable-sjlj-exceptions --enable-__cxa_atexit --disable-libmudflap --enable-libgomp --disable-libssp --enable-libquadmath --enable-libquadmath-support --disable-libsanitizer --with-gmp=/home/dom/projects/crosstool-ng/install/bin/.build/arm-linux-gnueabihf/buildtools --with-mpfr=/home/dom/projects/crosstool-ng/install/bin/.build/arm-linux-gnueabihf/buildtools --with-mpc=/home/dom/projects/crosstool-ng/install/bin/.build/arm-linux-gnueabihf/buildtools --with-isl=/home/dom/projects/crosstool-ng/install/bin/.build/arm-linux-gnueabihf/buildtools --with-cloog=/home/dom/projects/crosstool-ng/install/bin/.build/arm-linux-gnueabihf/buildtools --enable-lto --with-host-libstdcxx='-static-libgcc -Wl,-Bstatic,-lstdc++,-Bdynamic -lm' --enable-threads=posix --enable-target-optspace --with-linker-hash-style=gnu --disable-nls --disable-multilib --with-local-prefix=/home/dom/x-tools6h-new/arm-rpi-linux-gnueabihf/arm-linux-gnueabihf/sysroot --enable-long-long --with-arch=armv6 --with-float=hard --with-fpu=vfp
Thread model: posix
gcc version 4.9.3 (crosstool-NG crosstool-ng-1.22.0-88-g8460611) 
COMPILER_PATH=/home/blue/rpi/tools/arm-bcm2708/arm-rpi-4.9.3-linux-gnueabihf/bin/../libexec/gcc/arm-linux-gnueabihf/4.9.3/:/home/blue/rpi/tools/arm-bcm2708/arm-rpi-4.9.3-linux-gnueabihf/bin/../libexec/gcc/:/home/blue/rpi/tools/arm-bcm2708/arm-rpi-4.9.3-linux-gnueabihf/bin/../lib/gcc/arm-linux-gnueabihf/4.9.3/../../../../arm-linux-gnueabihf/bin/
LIBRARY_PATH=/home/blue/rpi/tools/arm-bcm2708/arm-rpi-4.9.3-linux-gnueabihf/bin/../lib/gcc/arm-linux-gnueabihf/4.9.3/:/home/blue/rpi/tools/arm-bcm2708/arm-rpi-4.9.3-linux-gnueabihf/bin/../lib/gcc/:/home/blue/rpi/tools/arm-bcm2708/arm-rpi-4.9.3-linux-gnueabihf/bin/../lib/gcc/arm-linux-gnueabihf/4.9.3/../../../../arm-linux-gnueabihf/lib/:/home/blue/rpi/tools/arm-bcm2708/arm-rpi-4.9.3-linux-gnueabihf/bin/../arm-linux-gnueabihf/sysroot/lib/:/home/blue/rpi/tools/arm-bcm2708/arm-rpi-4.9.3-linux-gnueabihf/bin/../arm-linux-gnueabihf/sysroot/usr/lib/
COLLECT_GCC_OPTIONS='-v' '-o' 'cmTC_ea6e6' '-march=armv6' '-mfloat-abi=hard' '-mfpu=vfp' '-mtls-dialect=gnu'
 /home/blue/rpi/tools/arm-bcm2708/arm-rpi-4.9.3-linux-gnueabihf/bin/../libexec/gcc/arm-linux-gnueabihf/4.9.3/collect2 -plugin /home/blue/rpi/tools/arm-bcm2708/arm-rpi-4.9.3-linux-gnueabihf/bin/../libexec/gcc/arm-linux-gnueabihf/4.9.3/liblto_plugin.so -plugin-opt=/home/blue/rpi/tools/arm-bcm2708/arm-rpi-4.9.3-linux-gnueabihf/bin/../libexec/gcc/arm-linux-gnueabihf/4.9.3/lto-wrapper -plugin-opt=-fresolution=/tmp/cc6sIWGa.res -plugin-opt=-pass-through=-lgcc -plugin-opt=-pass-through=-lgcc_s -plugin-opt=-pass-through=-lc -plugin-opt=-pass-through=-lgcc -plugin-opt=-pass-through=-lgcc_s --sysroot=/home/blue/rpi/tools/arm-bcm2708/arm-rpi-4.9.3-linux-gnueabihf/bin/../arm-linux-gnueabihf/sysroot --eh-frame-hdr --hash-style=gnu -dynamic-linker /lib/ld-linux-armhf.so.3 -X -m armelf_linux_eabi -o cmTC_ea6e6 /home/blue/rpi/tools/arm-bcm2708/arm-rpi-4.9.3-linux-gnueabihf/bin/../arm-linux-gnueabihf/sysroot/usr/lib/crt1.o /home/blue/rpi/tools/arm-bcm2708/arm-rpi-4.9.3-linux-gnueabihf/bin/../arm-linux-gnueabihf/sysroot/usr/lib/crti.o /home/blue/rpi/tools/arm-bcm2708/arm-rpi-4.9.3-linux-gnueabihf/bin/../lib/gcc/arm-linux-gnueabihf/4.9.3/crtbegin.o -L/home/blue/rpi/tools/arm-bcm2708/arm-rpi-4.9.3-linux-gnueabihf/bin/../lib/gcc/arm-linux-gnueabihf/4.9.3 -L/home/blue/rpi/tools/arm-bcm2708/arm-rpi-4.9.3-linux-gnueabihf/bin/../lib/gcc -L/home/blue/rpi/tools/arm-bcm2708/arm-rpi-4.9.3-linux-gnueabihf/bin/../lib/gcc/arm-linux-gnueabihf/4.9.3/../../../../arm-linux-gnueabihf/lib -L/home/blue/rpi/tools/arm-bcm2708/arm-rpi-4.9.3-linux-gnueabihf/bin/../arm-linux-gnueabihf/sysroot/lib -L/home/blue/rpi/tools/arm-bcm2708/arm-rpi-4.9.3-linux-gnueabihf/bin/../arm-linux-gnueabihf/sysroot/usr/lib CMakeFiles/cmTC_ea6e6.dir/CMakeCCompilerABI.c.o -lgcc --as-needed -lgcc_s --no-as-needed -lc -lgcc --as-needed -lgcc_s --no-as-needed /home/blue/rpi/tools/arm-bcm2708/arm-rpi-4.9.3-linux-gnueabihf/bin/../lib/gcc/arm-linux-gnueabihf/4.9.3/crtend.o /home/blue/rpi/tools/arm-bcm2708/arm-rpi-4.9.3-linux-gnueabihf/bin/../arm-linux-gnueabihf/sysroot/usr/lib/crtn.o
make[1]: Leaving directory '/home/blue/Desktop/SLAM/demo/build/CMakeFiles/CMakeTmp'


Parsed C implicit include dir info from above output: rv=done
  found start of include info
  found start of implicit include info
    add: [/home/blue/rpi/tools/arm-bcm2708/arm-rpi-4.9.3-linux-gnueabihf/bin/../lib/gcc/arm-linux-gnueabihf/4.9.3/include]
    add: [/home/blue/rpi/tools/arm-bcm2708/arm-rpi-4.9.3-linux-gnueabihf/bin/../lib/gcc/arm-linux-gnueabihf/4.9.3/include-fixed]
    add: [/home/blue/rpi/tools/arm-bcm2708/arm-rpi-4.9.3-linux-gnueabihf/bin/../lib/gcc/arm-linux-gnueabihf/4.9.3/../../../../arm-linux-gnueabihf/include]
    add: [/home/blue/rpi/tools/arm-bcm2708/arm-rpi-4.9.3-linux-gnueabihf/bin/../arm-linux-gnueabihf/sysroot/usr/include]
  end of search list found
  collapse include dir [/home/blue/rpi/tools/arm-bcm2708/arm-rpi-4.9.3-linux-gnueabihf/bin/../lib/gcc/arm-linux-gnueabihf/4.9.3/include] ==> [/home/blue/rpi/tools/arm-bcm2708/arm-rpi-4.9.3-linux-gnueabihf/lib/gcc/arm-linux-gnueabihf/4.9.3/include]
  collapse include dir [/home/blue/rpi/tools/arm-bcm2708/arm-rpi-4.9.3-linux-gnueabihf/bin/../lib/gcc/arm-linux-gnueabihf/4.9.3/include-fixed] ==> [/home/blue/rpi/tools/arm-bcm2708/arm-rpi-4.9.3-linux-gnueabihf/lib/gcc/arm-linux-gnueabihf/4.9.3/include-fixed]
  collapse include dir [/home/blue/rpi/tools/arm-bcm2708/arm-rpi-4.9.3-linux-gnueabihf/bin/../lib/gcc/arm-linux-gnueabihf/4.9.3/../../../../arm-linux-gnueabihf/include] ==> [/home/blue/rpi/tools/arm-bcm2708/arm-rpi-4.9.3-linux-gnueabihf/arm-linux-gnueabihf/include]
  collapse include dir [/home/blue/rpi/tools/arm-bcm2708/arm-rpi-4.9.3-linux-gnueabihf/bin/../arm-linux-gnueabihf/sysroot/usr/include] ==> [/home/blue/rpi/tools/arm-bcm2708/arm-rpi-4.9.3-linux-gnueabihf/arm-linux-gnueabihf/sysroot/usr/include]
  implicit include dirs: [/home/blue/rpi/tools/arm-bcm2708/arm-rpi-4.9.3-linux-gnueabihf/lib/gcc/arm-linux-gnueabihf/4.9.3/include;/home/blue/rpi/tools/arm-bcm2708/arm-rpi-4.9.3-linux-gnueabihf/lib/gcc/arm-linux-gnueabihf/4.9.3/include-fixed;/home/blue/rpi/tools/arm-bcm2708/arm-rpi-4.9.3-linux-gnueabihf/arm-linux-gnueabihf/include;/home/blue/rpi/tools/arm-bcm2708/arm-rpi-4.9.3-linux-gnueabihf/arm-linux-gnueabihf/sysroot/usr/include]


Parsed C implicit link information from above output:
  link line regex: [^( *|.*[/\])(arm-linux-gnueabihf-ld|CMAKE_LINK_STARTFILE-NOTFOUND|([^/\]+-)?ld|collect2)[^/\]*( |$)]
  ignore line: [Change Dir: /home/blue/Desktop/SLAM/demo/build/CMakeFiles/CMakeTmp]
  ignore line: []
  ignore line: [Run Build Command(s):/usr/bin/make cmTC_ea6e6/fast ]
  ignore line: [/usr/bin/make -f CMakeFiles/cmTC_ea6e6.dir/build.make CMakeFiles/cmTC_ea6e6.dir/build]
  ignore line: [make[1]: Entering directory '/home/blue/Desktop/SLAM/demo/build/CMakeFiles/CMakeTmp']
  ignore line: [Building C object CMakeFiles/cmTC_ea6e6.dir/CMakeCCompilerABI.c.o]
  ignore line: [/home/blue/rpi/tools/arm-bcm2708/arm-rpi-4.9.3-linux-gnueabihf/bin/arm-linux-gnueabihf-gcc   -v -o CMakeFiles/cmTC_ea6e6.dir/CMakeCCompilerABI.c.o   -c /usr/local/share/cmake-3.14/Modules/CMakeCCompilerABI.c]
  ignore line: [Using built-in specs.]
  ignore line: [COLLECT_GCC=/home/blue/rpi/tools/arm-bcm2708/arm-rpi-4.9.3-linux-gnueabihf/bin/arm-linux-gnueabihf-gcc]
  ignore line: [Target: arm-linux-gnueabihf]
  ignore line: [Configured with: /home/dom/projects/crosstool-ng/install/bin/.build/src/gcc-4.9.3/configure --build=x86_64-build_pc-linux-gnu --host=x86_64-build_pc-linux-gnu --target=arm-linux-gnueabihf --prefix=/home/dom/x-tools6h-new/arm-rpi-linux-gnueabihf --with-sysroot=/home/dom/x-tools6h-new/arm-rpi-linux-gnueabihf/arm-linux-gnueabihf/sysroot --enable-languages=c,c++ --with-arch=armv6 --with-fpu=vfp --with-float=hard --with-pkgversion='crosstool-NG crosstool-ng-1.22.0-88-g8460611' --disable-sjlj-exceptions --enable-__cxa_atexit --disable-libmudflap --enable-libgomp --disable-libssp --enable-libquadmath --enable-libquadmath-support --disable-libsanitizer --with-gmp=/home/dom/projects/crosstool-ng/install/bin/.build/arm-linux-gnueabihf/buildtools --with-mpfr=/home/dom/projects/crosstool-ng/install/bin/.build/arm-linux-gnueabihf/buildtools --with-mpc=/home/dom/projects/crosstool-ng/install/bin/.build/arm-linux-gnueabihf/buildtools --with-isl=/home/dom/projects/crosstool-ng/install/bin/.build/arm-linux-gnueabihf/buildtools --with-cloog=/home/dom/projects/crosstool-ng/install/bin/.build/arm-linux-gnueabihf/buildtools --enable-lto --with-host-libstdcxx='-static-libgcc -Wl,-Bstatic,-lstdc++,-Bdynamic -lm' --enable-threads=posix --enable-target-optspace --with-linker-hash-style=gnu --disable-nls --disable-multilib --with-local-prefix=/home/dom/x-tools6h-new/arm-rpi-linux-gnueabihf/arm-linux-gnueabihf/sysroot --enable-long-long --with-arch=armv6 --with-float=hard --with-fpu=vfp]
  ignore line: [Thread model: posix]
  ignore line: [gcc version 4.9.3 (crosstool-NG crosstool-ng-1.22.0-88-g8460611) ]
  ignore line: [COLLECT_GCC_OPTIONS='-v' '-o' 'CMakeFiles/cmTC_ea6e6.dir/CMakeCCompilerABI.c.o' '-c' '-march=armv6' '-mfloat-abi=hard' '-mfpu=vfp' '-mtls-dialect=gnu']
  ignore line: [ /home/blue/rpi/tools/arm-bcm2708/arm-rpi-4.9.3-linux-gnueabihf/bin/../libexec/gcc/arm-linux-gnueabihf/4.9.3/cc1 -quiet -v -iprefix /home/blue/rpi/tools/arm-bcm2708/arm-rpi-4.9.3-linux-gnueabihf/bin/../lib/gcc/arm-linux-gnueabihf/4.9.3/ -isysroot /home/blue/rpi/tools/arm-bcm2708/arm-rpi-4.9.3-linux-gnueabihf/bin/../arm-linux-gnueabihf/sysroot /usr/local/share/cmake-3.14/Modules/CMakeCCompilerABI.c -quiet -dumpbase CMakeCCompilerABI.c -march=armv6 -mfloat-abi=hard -mfpu=vfp -mtls-dialect=gnu -auxbase-strip CMakeFiles/cmTC_ea6e6.dir/CMakeCCompilerABI.c.o -version -o /tmp/ccESsRB8.s]
  ignore line: [GNU C (crosstool-NG crosstool-ng-1.22.0-88-g8460611) version 4.9.3 (arm-linux-gnueabihf)]
  ignore line: [	compiled by GNU C version 4.8.4, GMP version 6.0.0, MPFR version 3.1.3, MPC version 1.0.3]
  ignore line: [GGC heuristics: --param ggc-min-expand=100 --param ggc-min-heapsize=131072]
  ignore line: [ignoring duplicate directory "/home/blue/rpi/tools/arm-bcm2708/arm-rpi-4.9.3-linux-gnueabihf/bin/../lib/gcc/../../lib/gcc/arm-linux-gnueabihf/4.9.3/include"]
  ignore line: [ignoring nonexistent directory "/home/blue/rpi/tools/arm-bcm2708/arm-rpi-4.9.3-linux-gnueabihf/bin/../arm-linux-gnueabihf/sysroot/home/dom/x-tools6h-new/arm-rpi-linux-gnueabihf/arm-linux-gnueabihf/sysroot/include"]
  ignore line: [ignoring duplicate directory "/home/blue/rpi/tools/arm-bcm2708/arm-rpi-4.9.3-linux-gnueabihf/bin/../lib/gcc/../../lib/gcc/arm-linux-gnueabihf/4.9.3/include-fixed"]
  ignore line: [ignoring duplicate directory "/home/blue/rpi/tools/arm-bcm2708/arm-rpi-4.9.3-linux-gnueabihf/bin/../lib/gcc/../../lib/gcc/arm-linux-gnueabihf/4.9.3/../../../../arm-linux-gnueabihf/include"]
  ignore line: [#include "..." search starts here:]
  ignore line: [#include <...> search starts here:]
  ignore line: [ /home/blue/rpi/tools/arm-bcm2708/arm-rpi-4.9.3-linux-gnueabihf/bin/../lib/gcc/arm-linux-gnueabihf/4.9.3/include]
  ignore line: [ /home/blue/rpi/tools/arm-bcm2708/arm-rpi-4.9.3-linux-gnueabihf/bin/../lib/gcc/arm-linux-gnueabihf/4.9.3/include-fixed]
  ignore line: [ /home/blue/rpi/tools/arm-bcm2708/arm-rpi-4.9.3-linux-gnueabihf/bin/../lib/gcc/arm-linux-gnueabihf/4.9.3/../../../../arm-linux-gnueabihf/include]
  ignore line: [ /home/blue/rpi/tools/arm-bcm2708/arm-rpi-4.9.3-linux-gnueabihf/bin/../arm-linux-gnueabihf/sysroot/usr/include]
  ignore line: [End of search list.]
  ignore line: [GNU C (crosstool-NG crosstool-ng-1.22.0-88-g8460611) version 4.9.3 (arm-linux-gnueabihf)]
  ignore line: [	compiled by GNU C version 4.8.4, GMP version 6.0.0, MPFR version 3.1.3, MPC version 1.0.3]
  ignore line: [GGC heuristics: --param ggc-min-expand=100 --param ggc-min-heapsize=131072]
  ignore line: [Compiler executable checksum: ab6520190aab2eb5dd4fcb2a453dd165]
  ignore line: [COLLECT_GCC_OPTIONS='-v' '-o' 'CMakeFiles/cmTC_ea6e6.dir/CMakeCCompilerABI.c.o' '-c' '-march=armv6' '-mfloat-abi=hard' '-mfpu=vfp' '-mtls-dialect=gnu']
  ignore line: [ /home/blue/rpi/tools/arm-bcm2708/arm-rpi-4.9.3-linux-gnueabihf/bin/../lib/gcc/arm-linux-gnueabihf/4.9.3/../../../../arm-linux-gnueabihf/bin/as -v -march=armv6 -mfloat-abi=hard -mfpu=vfp -meabi=5 -o CMakeFiles/cmTC_ea6e6.dir/CMakeCCompilerABI.c.o /tmp/ccESsRB8.s]
  ignore line: [GNU assembler version 2.25.1 (arm-linux-gnueabihf) using BFD version (crosstool-NG crosstool-ng-1.22.0-88-g8460611) 2.25.1]
  ignore line: [COMPILER_PATH=/home/blue/rpi/tools/arm-bcm2708/arm-rpi-4.9.3-linux-gnueabihf/bin/../libexec/gcc/arm-linux-gnueabihf/4.9.3/:/home/blue/rpi/tools/arm-bcm2708/arm-rpi-4.9.3-linux-gnueabihf/bin/../libexec/gcc/:/home/blue/rpi/tools/arm-bcm2708/arm-rpi-4.9.3-linux-gnueabihf/bin/../lib/gcc/arm-linux-gnueabihf/4.9.3/../../../../arm-linux-gnueabihf/bin/]
  ignore line: [LIBRARY_PATH=/home/blue/rpi/tools/arm-bcm2708/arm-rpi-4.9.3-linux-gnueabihf/bin/../lib/gcc/arm-linux-gnueabihf/4.9.3/:/home/blue/rpi/tools/arm-bcm2708/arm-rpi-4.9.3-linux-gnueabihf/bin/../lib/gcc/:/home/blue/rpi/tools/arm-bcm2708/arm-rpi-4.9.3-linux-gnueabihf/bin/../lib/gcc/arm-linux-gnueabihf/4.9.3/../../../../arm-linux-gnueabihf/lib/:/home/blue/rpi/tools/arm-bcm2708/arm-rpi-4.9.3-linux-gnueabihf/bin/../arm-linux-gnueabihf/sysroot/lib/:/home/blue/rpi/tools/arm-bcm2708/arm-rpi-4.9.3-linux-gnueabihf/bin/../arm-linux-gnueabihf/sysroot/usr/lib/]
  ignore line: [COLLECT_GCC_OPTIONS='-v' '-o' 'CMakeFiles/cmTC_ea6e6.dir/CMakeCCompilerABI.c.o' '-c' '-march=armv6' '-mfloat-abi=hard' '-mfpu=vfp' '-mtls-dialect=gnu']
  ignore line: [Linking C executable cmTC_ea6e6]
  ignore line: [/usr/local/bin/cmake -E cmake_link_script CMakeFiles/cmTC_ea6e6.dir/link.txt --verbose=1]
  ignore line: [/home/blue/rpi/tools/arm-bcm2708/arm-rpi-4.9.3-linux-gnueabihf/bin/arm-linux-gnueabihf-gcc     -v CMakeFiles/cmTC_ea6e6.dir/CMakeCCompilerABI.c.o  -o cmTC_ea6e6 ]
  ignore line: [Using built-in specs.]
  ignore line: [COLLECT_GCC=/home/blue/rpi/tools/arm-bcm2708/arm-rpi-4.9.3-linux-gnueabihf/bin/arm-linux-gnueabihf-gcc]
  ignore line: [COLLECT_LTO_WRAPPER=/home/blue/rpi/tools/arm-bcm2708/arm-rpi-4.9.3-linux-gnueabihf/bin/../libexec/gcc/arm-linux-gnueabihf/4.9.3/lto-wrapper]
  ignore line: [Target: arm-linux-gnueabihf]
  ignore line: [Configured with: /home/dom/projects/crosstool-ng/install/bin/.build/src/gcc-4.9.3/configure --build=x86_64-build_pc-linux-gnu --host=x86_64-build_pc-linux-gnu --target=arm-linux-gnueabihf --prefix=/home/dom/x-tools6h-new/arm-rpi-linux-gnueabihf --with-sysroot=/home/dom/x-tools6h-new/arm-rpi-linux-gnueabihf/arm-linux-gnueabihf/sysroot --enable-languages=c,c++ --with-arch=armv6 --with-fpu=vfp --with-float=hard --with-pkgversion='crosstool-NG crosstool-ng-1.22.0-88-g8460611' --disable-sjlj-exceptions --enable-__cxa_atexit --disable-libmudflap --enable-libgomp --disable-libssp --enable-libquadmath --enable-libquadmath-support --disable-libsanitizer --with-gmp=/home/dom/projects/crosstool-ng/install/bin/.build/arm-linux-gnueabihf/buildtools --with-mpfr=/home/dom/projects/crosstool-ng/install/bin/.build/arm-linux-gnueabihf/buildtools --with-mpc=/home/dom/projects/crosstool-ng/install/bin/.build/arm-linux-gnueabihf/buildtools --with-isl=/home/dom/projects/crosstool-ng/install/bin/.build/arm-linux-gnueabihf/buildtools --with-cloog=/home/dom/projects/crosstool-ng/install/bin/.build/arm-linux-gnueabihf/buildtools --enable-lto --with-host-libstdcxx='-static-libgcc -Wl,-Bstatic,-lstdc++,-Bdynamic -lm' --enable-threads=posix --enable-target-optspace --with-linker-hash-style=gnu --disable-nls --disable-multilib --with-local-prefix=/home/dom/x-tools6h-new/arm-rpi-linux-gnueabihf/arm-linux-gnueabihf/sysroot --enable-long-long --with-arch=armv6 --with-float=hard --with-fpu=vfp]
  ignore line: [Thread model: posix]
  ignore line: [gcc version 4.9.3 (crosstool-NG crosstool-ng-1.22.0-88-g8460611) ]
  ignore line: [COMPILER_PATH=/home/blue/rpi/tools/arm-bcm2708/arm-rpi-4.9.3-linux-gnueabihf/bin/../libexec/gcc/arm-linux-gnueabihf/4.9.3/:/home/blue/rpi/tools/arm-bcm2708/arm-rpi-4.9.3-linux-gnueabihf/bin/../libexec/gcc/:/home/blue/rpi/tools/arm-bcm2708/arm-rpi-4.9.3-linux-gnueabihf/bin/../lib/gcc/arm-linux-gnueabihf/4.9.3/../../../../arm-linux-gnueabihf/bin/]
  ignore line: [LIBRARY_PATH=/home/blue/rpi/tools/arm-bcm2708/arm-rpi-4.9.3-linux-gnueabihf/bin/../lib/gcc/arm-linux-gnueabihf/4.9.3/:/home/blue/rpi/tools/arm-bcm2708/arm-rpi-4.9.3-linux-gnueabihf/bin/../lib/gcc/:/home/blue/rpi/tools/arm-bcm2708/arm-rpi-4.9.3-linux-gnueabihf/bin/../lib/gcc/arm-linux-gnueabihf/4.9.3/../../../../arm-linux-gnueabihf/lib/:/home/blue/rpi/tools/arm-bcm2708/arm-rpi-4.9.3-linux-gnueabihf/bin/../arm-linux-gnueabihf/sysroot/lib/:/home/blue/rpi/tools/arm-bcm2708/arm-rpi-4.9.3-linux-gnueabihf/bin/../arm-linux-gnueabihf/sysroot/usr/lib/]
  ignore line: [COLLECT_GCC_OPTIONS='-v' '-o' 'cmTC_ea6e6' '-march=armv6' '-mfloat-abi=hard' '-mfpu=vfp' '-mtls-dialect=gnu']
  link line: [ /home/blue/rpi/tools/arm-bcm2708/arm-rpi-4.9.3-linux-gnueabihf/bin/../libexec/gcc/arm-linux-gnueabihf/4.9.3/collect2 -plugin /home/blue/rpi/tools/arm-bcm2708/arm-rpi-4.9.3-linux-gnueabihf/bin/../libexec/gcc/arm-linux-gnueabihf/4.9.3/liblto_plugin.so -plugin-opt=/home/blue/rpi/tools/arm-bcm2708/arm-rpi-4.9.3-linux-gnueabihf/bin/../libexec/gcc/arm-linux-gnueabihf/4.9.3/lto-wrapper -plugin-opt=-fresolution=/tmp/cc6sIWGa.res -plugin-opt=-pass-through=-lgcc -plugin-opt=-pass-through=-lgcc_s -plugin-opt=-pass-through=-lc -plugin-opt=-pass-through=-lgcc -plugin-opt=-pass-through=-lgcc_s --sysroot=/home/blue/rpi/tools/arm-bcm2708/arm-rpi-4.9.3-linux-gnueabihf/bin/../arm-linux-gnueabihf/sysroot --eh-frame-hdr --hash-style=gnu -dynamic-linker /lib/ld-linux-armhf.so.3 -X -m armelf_linux_eabi -o cmTC_ea6e6 /home/blue/rpi/tools/arm-bcm2708/arm-rpi-4.9.3-linux-gnueabihf/bin/../arm-linux-gnueabihf/sysroot/usr/lib/crt1.o /home/blue/rpi/tools/arm-bcm2708/arm-rpi-4.9.3-linux-gnueabihf/bin/../arm-linux-gnueabihf/sysroot/usr/lib/crti.o /home/blue/rpi/tools/arm-bcm2708/arm-rpi-4.9.3-linux-gnueabihf/bin/../lib/gcc/arm-linux-gnueabihf/4.9.3/crtbegin.o -L/home/blue/rpi/tools/arm-bcm2708/arm-rpi-4.9.3-linux-gnueabihf/bin/../lib/gcc/arm-linux-gnueabihf/4.9.3 -L/home/blue/rpi/tools/arm-bcm2708/arm-rpi-4.9.3-linux-gnueabihf/bin/../lib/gcc -L/home/blue/rpi/tools/arm-bcm2708/arm-rpi-4.9.3-linux-gnueabihf/bin/../lib/gcc/arm-linux-gnueabihf/4.9.3/../../../../arm-linux-gnueabihf/lib -L/home/blue/rpi/tools/arm-bcm2708/arm-rpi-4.9.3-linux-gnueabihf/bin/../arm-linux-gnueabihf/sysroot/lib -L/home/blue/rpi/tools/arm-bcm2708/arm-rpi-4.9.3-linux-gnueabihf/bin/../arm-linux-gnueabihf/sysroot/usr/lib CMakeFiles/cmTC_ea6e6.dir/CMakeCCompilerABI.c.o -lgcc --as-needed -lgcc_s --no-as-needed -lc -lgcc --as-needed -lgcc_s --no-as-needed /home/blue/rpi/tools/arm-bcm2708/arm-rpi-4.9.3-linux-gnueabihf/bin/../lib/gcc/arm-linux-gnueabihf/4.9.3/crtend.o /home/blue/rpi/tools/arm-bcm2708/arm-rpi-4.9.3-linux-gnueabihf/bin/../arm-linux-gnueabihf/sysroot/usr/lib/crtn.o]
    arg [/home/blue/rpi/tools/arm-bcm2708/arm-rpi-4.9.3-linux-gnueabihf/bin/../libexec/gcc/arm-linux-gnueabihf/4.9.3/collect2] ==> ignore
    arg [-plugin] ==> ignore
    arg [/home/blue/rpi/tools/arm-bcm2708/arm-rpi-4.9.3-linux-gnueabihf/bin/../libexec/gcc/arm-linux-gnueabihf/4.9.3/liblto_plugin.so] ==> ignore
    arg [-plugin-opt=/home/blue/rpi/tools/arm-bcm2708/arm-rpi-4.9.3-linux-gnueabihf/bin/../libexec/gcc/arm-linux-gnueabihf/4.9.3/lto-wrapper] ==> ignore
    arg [-plugin-opt=-fresolution=/tmp/cc6sIWGa.res] ==> ignore
    arg [-plugin-opt=-pass-through=-lgcc] ==> ignore
    arg [-plugin-opt=-pass-through=-lgcc_s] ==> ignore
    arg [-plugin-opt=-pass-through=-lc] ==> ignore
    arg [-plugin-opt=-pass-through=-lgcc] ==> ignore
    arg [-plugin-opt=-pass-through=-lgcc_s] ==> ignore
    arg [--sysroot=/home/blue/rpi/tools/arm-bcm2708/arm-rpi-4.9.3-linux-gnueabihf/bin/../arm-linux-gnueabihf/sysroot] ==> ignore
    arg [--eh-frame-hdr] ==> ignore
    arg [--hash-style=gnu] ==> ignore
    arg [-dynamic-linker] ==> ignore
    arg [/lib/ld-linux-armhf.so.3] ==> ignore
    arg [-X] ==> ignore
    arg [-m] ==> ignore
    arg [armelf_linux_eabi] ==> ignore
    arg [-o] ==> ignore
    arg [cmTC_ea6e6] ==> ignore
    arg [/home/blue/rpi/tools/arm-bcm2708/arm-rpi-4.9.3-linux-gnueabihf/bin/../arm-linux-gnueabihf/sysroot/usr/lib/crt1.o] ==> ignore
    arg [/home/blue/rpi/tools/arm-bcm2708/arm-rpi-4.9.3-linux-gnueabihf/bin/../arm-linux-gnueabihf/sysroot/usr/lib/crti.o] ==> ignore
    arg [/home/blue/rpi/tools/arm-bcm2708/arm-rpi-4.9.3-linux-gnueabihf/bin/../lib/gcc/arm-linux-gnueabihf/4.9.3/crtbegin.o] ==> ignore
    arg [-L/home/blue/rpi/tools/arm-bcm2708/arm-rpi-4.9.3-linux-gnueabihf/bin/../lib/gcc/arm-linux-gnueabihf/4.9.3] ==> dir [/home/blue/rpi/tools/arm-bcm2708/arm-rpi-4.9.3-linux-gnueabihf/bin/../lib/gcc/arm-linux-gnueabihf/4.9.3]
    arg [-L/home/blue/rpi/tools/arm-bcm2708/arm-rpi-4.9.3-linux-gnueabihf/bin/../lib/gcc] ==> dir [/home/blue/rpi/tools/arm-bcm2708/arm-rpi-4.9.3-linux-gnueabihf/bin/../lib/gcc]
    arg [-L/home/blue/rpi/tools/arm-bcm2708/arm-rpi-4.9.3-linux-gnueabihf/bin/../lib/gcc/arm-linux-gnueabihf/4.9.3/../../../../arm-linux-gnueabihf/lib] ==> dir [/home/blue/rpi/tools/arm-bcm2708/arm-rpi-4.9.3-linux-gnueabihf/bin/../lib/gcc/arm-linux-gnueabihf/4.9.3/../../../../arm-linux-gnueabihf/lib]
    arg [-L/home/blue/rpi/tools/arm-bcm2708/arm-rpi-4.9.3-linux-gnueabihf/bin/../arm-linux-gnueabihf/sysroot/lib] ==> dir [/home/blue/rpi/tools/arm-bcm2708/arm-rpi-4.9.3-linux-gnueabihf/bin/../arm-linux-gnueabihf/sysroot/lib]
    arg [-L/home/blue/rpi/tools/arm-bcm2708/arm-rpi-4.9.3-linux-gnueabihf/bin/../arm-linux-gnueabihf/sysroot/usr/lib] ==> dir [/home/blue/rpi/tools/arm-bcm2708/arm-rpi-4.9.3-linux-gnueabihf/bin/../arm-linux-gnueabihf/sysroot/usr/lib]
    arg [CMakeFiles/cmTC_ea6e6.dir/CMakeCCompilerABI.c.o] ==> ignore
    arg [-lgcc] ==> lib [gcc]
    arg [--as-needed] ==> ignore
    arg [-lgcc_s] ==> lib [gcc_s]
    arg [--no-as-needed] ==> ignore
    arg [-lc] ==> lib [c]
    arg [-lgcc] ==> lib [gcc]
    arg [--as-needed] ==> ignore
    arg [-lgcc_s] ==> lib [gcc_s]
    arg [--no-as-needed] ==> ignore
    arg [/home/blue/rpi/tools/arm-bcm2708/arm-rpi-4.9.3-linux-gnueabihf/bin/../lib/gcc/arm-linux-gnueabihf/4.9.3/crtend.o] ==> ignore
    arg [/home/blue/rpi/tools/arm-bcm2708/arm-rpi-4.9.3-linux-gnueabihf/bin/../arm-linux-gnueabihf/sysroot/usr/lib/crtn.o] ==> ignore
  collapse library dir [/home/blue/rpi/tools/arm-bcm2708/arm-rpi-4.9.3-linux-gnueabihf/bin/../lib/gcc/arm-linux-gnueabihf/4.9.3] ==> [/home/blue/rpi/tools/arm-bcm2708/arm-rpi-4.9.3-linux-gnueabihf/lib/gcc/arm-linux-gnueabihf/4.9.3]
  collapse library dir [/home/blue/rpi/tools/arm-bcm2708/arm-rpi-4.9.3-linux-gnueabihf/bin/../lib/gcc] ==> [/home/blue/rpi/tools/arm-bcm2708/arm-rpi-4.9.3-linux-gnueabihf/lib/gcc]
  collapse library dir [/home/blue/rpi/tools/arm-bcm2708/arm-rpi-4.9.3-linux-gnueabihf/bin/../lib/gcc/arm-linux-gnueabihf/4.9.3/../../../../arm-linux-gnueabihf/lib] ==> [/home/blue/rpi/tools/arm-bcm2708/arm-rpi-4.9.3-linux-gnueabihf/arm-linux-gnueabihf/lib]
  collapse library dir [/home/blue/rpi/tools/arm-bcm2708/arm-rpi-4.9.3-linux-gnueabihf/bin/../arm-linux-gnueabihf/sysroot/lib] ==> [/home/blue/rpi/tools/arm-bcm2708/arm-rpi-4.9.3-linux-gnueabihf/arm-linux-gnueabihf/sysroot/lib]
  collapse library dir [/home/blue/rpi/tools/arm-bcm2708/arm-rpi-4.9.3-linux-gnueabihf/bin/../arm-linux-gnueabihf/sysroot/usr/lib] ==> [/home/blue/rpi/tools/arm-bcm2708/arm-rpi-4.9.3-linux-gnueabihf/arm-linux-gnueabihf/sysroot/usr/lib]
  implicit libs: [gcc;gcc_s;c;gcc;gcc_s]
  implicit dirs: [/home/blue/rpi/tools/arm-bcm2708/arm-rpi-4.9.3-linux-gnueabihf/lib/gcc/arm-linux-gnueabihf/4.9.3;/home/blue/rpi/tools/arm-bcm2708/arm-rpi-4.9.3-linux-gnueabihf/lib/gcc;/home/blue/rpi/tools/arm-bcm2708/arm-rpi-4.9.3-linux-gnueabihf/arm-linux-gnueabihf/lib;/home/blue/rpi/tools/arm-bcm2708/arm-rpi-4.9.3-linux-gnueabihf/arm-linux-gnueabihf/sysroot/lib;/home/blue/rpi/tools/arm-bcm2708/arm-rpi-4.9.3-linux-gnueabihf/arm-linux-gnueabihf/sysroot/usr/lib]
  implicit fwks: []




Detecting C [-std=c11] compiler features compiled with the following output:
Change Dir: /home/blue/Desktop/SLAM/demo/build/CMakeFiles/CMakeTmp

Run Build Command(s):/usr/bin/make cmTC_71942/fast 
/usr/bin/make -f CMakeFiles/cmTC_71942.dir/build.make CMakeFiles/cmTC_71942.dir/build
make[1]: Entering directory '/home/blue/Desktop/SLAM/demo/build/CMakeFiles/CMakeTmp'
Building C object CMakeFiles/cmTC_71942.dir/feature_tests.c.o
/home/blue/rpi/tools/arm-bcm2708/arm-rpi-4.9.3-linux-gnueabihf/bin/arm-linux-gnueabihf-gcc   -std=c11 -o CMakeFiles/cmTC_71942.dir/feature_tests.c.o   -c /home/blue/Desktop/SLAM/demo/build/CMakeFiles/feature_tests.c
Linking C executable cmTC_71942
/usr/local/bin/cmake -E cmake_link_script CMakeFiles/cmTC_71942.dir/link.txt --verbose=1
/home/blue/rpi/tools/arm-bcm2708/arm-rpi-4.9.3-linux-gnueabihf/bin/arm-linux-gnueabihf-gcc      CMakeFiles/cmTC_71942.dir/feature_tests.c.o  -o cmTC_71942 
make[1]: Leaving directory '/home/blue/Desktop/SLAM/demo/build/CMakeFiles/CMakeTmp'


    Feature record: C_FEATURE:1c_function_prototypes
    Feature record: C_FEATURE:1c_restrict
    Feature record: C_FEATURE:1c_static_assert
    Feature record: C_FEATURE:1c_variadic_macros


Detecting C [-std=c99] compiler features compiled with the following output:
Change Dir: /home/blue/Desktop/SLAM/demo/build/CMakeFiles/CMakeTmp

Run Build Command(s):/usr/bin/make cmTC_6e1fa/fast 
/usr/bin/make -f CMakeFiles/cmTC_6e1fa.dir/build.make CMakeFiles/cmTC_6e1fa.dir/build
make[1]: Entering directory '/home/blue/Desktop/SLAM/demo/build/CMakeFiles/CMakeTmp'
Building C object CMakeFiles/cmTC_6e1fa.dir/feature_tests.c.o
/home/blue/rpi/tools/arm-bcm2708/arm-rpi-4.9.3-linux-gnueabihf/bin/arm-linux-gnueabihf-gcc   -std=c99 -o CMakeFiles/cmTC_6e1fa.dir/feature_tests.c.o   -c /home/blue/Desktop/SLAM/demo/build/CMakeFiles/feature_tests.c
Linking C executable cmTC_6e1fa
/usr/local/bin/cmake -E cmake_link_script CMakeFiles/cmTC_6e1fa.dir/link.txt --verbose=1
/home/blue/rpi/tools/arm-bcm2708/arm-rpi-4.9.3-linux-gnueabihf/bin/arm-linux-gnueabihf-gcc      CMakeFiles/cmTC_6e1fa.dir/feature_tests.c.o  -o cmTC_6e1fa 
make[1]: Leaving directory '/home/blue/Desktop/SLAM/demo/build/CMakeFiles/CMakeTmp'


    Feature record: C_FEATURE:1c_function_prototypes
    Feature record: C_FEATURE:1c_restrict
    Feature record: C_FEATURE:0c_static_assert
    Feature record: C_FEATURE:1c_variadic_macros


Detecting C [-std=c90] compiler features compiled with the following output:
Change Dir: /home/blue/Desktop/SLAM/demo/build/CMakeFiles/CMakeTmp

Run Build Command(s):/usr/bin/make cmTC_01e0d/fast 
/usr/bin/make -f CMakeFiles/cmTC_01e0d.dir/build.make CMakeFiles/cmTC_01e0d.dir/build
make[1]: Entering directory '/home/blue/Desktop/SLAM/demo/build/CMakeFiles/CMakeTmp'
Building C object CMakeFiles/cmTC_01e0d.dir/feature_tests.c.o
/home/blue/rpi/tools/arm-bcm2708/arm-rpi-4.9.3-linux-gnueabihf/bin/arm-linux-gnueabihf-gcc   -std=c90 -o CMakeFiles/cmTC_01e0d.dir/feature_tests.c.o   -c /home/blue/Desktop/SLAM/demo/build/CMakeFiles/feature_tests.c
Linking C executable cmTC_01e0d
/usr/local/bin/cmake -E cmake_link_script CMakeFiles/cmTC_01e0d.dir/link.txt --verbose=1
/home/blue/rpi/tools/arm-bcm2708/arm-rpi-4.9.3-linux-gnueabihf/bin/arm-linux-gnueabihf-gcc      CMakeFiles/cmTC_01e0d.dir/feature_tests.c.o  -o cmTC_01e0d 
make[1]: Leaving directory '/home/blue/Desktop/SLAM/demo/build/CMakeFiles/CMakeTmp'


    Feature record: C_FEATURE:1c_function_prototypes
    Feature record: C_FEATURE:0c_restrict
    Feature record: C_FEATURE:0c_static_assert
    Feature record: C_FEATURE:0c_variadic_macros
Determining if the include file pthread.h exists passed with the following output:
Change Dir: /home/blue/Desktop/SLAM/demo/build/CMakeFiles/CMakeTmp

Run Build Command(s):/usr/bin/make cmTC_f8689/fast 
/usr/bin/make -f CMakeFiles/cmTC_f8689.dir/build.make CMakeFiles/cmTC_f8689.dir/build
make[1]: Entering directory '/home/blue/Desktop/SLAM/demo/build/CMakeFiles/CMakeTmp'
Building C object CMakeFiles/cmTC_f8689.dir/CheckIncludeFile.c.o
/home/blue/rpi/tools/arm-bcm2708/arm-rpi-4.9.3-linux-gnueabihf/bin/arm-linux-gnueabihf-gcc    -o CMakeFiles/cmTC_f8689.dir/CheckIncludeFile.c.o   -c /home/blue/Desktop/SLAM/demo/build/CMakeFiles/CMakeTmp/CheckIncludeFile.c
Linking C executable cmTC_f8689
/usr/local/bin/cmake -E cmake_link_script CMakeFiles/cmTC_f8689.dir/link.txt --verbose=1
/home/blue/rpi/tools/arm-bcm2708/arm-rpi-4.9.3-linux-gnueabihf/bin/arm-linux-gnueabihf-gcc      CMakeFiles/cmTC_f8689.dir/CheckIncludeFile.c.o  -o cmTC_f8689 
make[1]: Leaving directory '/home/blue/Desktop/SLAM/demo/build/CMakeFiles/CMakeTmp'


Determining if the function pthread_create exists in the pthread passed with the following output:
Change Dir: /home/blue/Desktop/SLAM/demo/build/CMakeFiles/CMakeTmp

Run Build Command(s):/usr/bin/make cmTC_45633/fast 
/usr/bin/make -f CMakeFiles/cmTC_45633.dir/build.make CMakeFiles/cmTC_45633.dir/build
make[1]: Entering directory '/home/blue/Desktop/SLAM/demo/build/CMakeFiles/CMakeTmp'
Building C object CMakeFiles/cmTC_45633.dir/CheckFunctionExists.c.o
/home/blue/rpi/tools/arm-bcm2708/arm-rpi-4.9.3-linux-gnueabihf/bin/arm-linux-gnueabihf-gcc   -DCHECK_FUNCTION_EXISTS=pthread_create   -o CMakeFiles/cmTC_45633.dir/CheckFunctionExists.c.o   -c /usr/local/share/cmake-3.14/Modules/CheckFunctionExists.c
Linking C executable cmTC_45633
/usr/local/bin/cmake -E cmake_link_script CMakeFiles/cmTC_45633.dir/link.txt --verbose=1
/home/blue/rpi/tools/arm-bcm2708/arm-rpi-4.9.3-linux-gnueabihf/bin/arm-linux-gnueabihf-gcc  -DCHECK_FUNCTION_EXISTS=pthread_create    CMakeFiles/cmTC_45633.dir/CheckFunctionExists.c.o  -o cmTC_45633 -lpthread 
make[1]: Leaving directory '/home/blue/Desktop/SLAM/demo/build/CMakeFiles/CMakeTmp'


